{"/Users/kaylytran/Desktop/CertAtheon/Frontend/babel.config.js": {"path":"/Users/kaylytran/Desktop/CertAtheon/Frontend/babel.config.js","all":true,"statementMap":{"0":{"start":{"line":1,"column":0},"end":{"line":1,"column":18}},"1":{"start":{"line":2,"column":0},"end":{"line":2,"column":12}},"2":{"start":{"line":3,"column":0},"end":{"line":3,"column":52}},"3":{"start":{"line":4,"column":0},"end":{"line":4,"column":63}},"4":{"start":{"line":5,"column":0},"end":{"line":5,"column":4}},"5":{"start":{"line":6,"column":0},"end":{"line":6,"column":12}},"6":{"start":{"line":7,"column":0},"end":{"line":7,"column":83}},"7":{"start":{"line":8,"column":0},"end":{"line":8,"column":3}},"8":{"start":{"line":9,"column":0},"end":{"line":9,"column":2}}},"s":{"0":0,"1":0,"2":0,"3":0,"4":0,"5":0,"6":0,"7":0,"8":0},"branchMap":{"0":{"type":"branch","line":1,"loc":{"start":{"line":1,"column":257},"end":{"line":9,"column":2}},"locations":[{"start":{"line":1,"column":257},"end":{"line":9,"column":2}}]}},"b":{"0":[0]},"fnMap":{"0":{"name":"(empty-report)","decl":{"start":{"line":1,"column":257},"end":{"line":9,"column":2}},"loc":{"start":{"line":1,"column":257},"end":{"line":9,"column":2}},"line":1}},"f":{"0":0}}
,"/Users/kaylytran/Desktop/CertAtheon/Frontend/eslint.config.js": {"path":"/Users/kaylytran/Desktop/CertAtheon/Frontend/eslint.config.js","all":true,"statementMap":{"0":{"start":{"line":1,"column":0},"end":{"line":1,"column":27}},"1":{"start":{"line":2,"column":0},"end":{"line":2,"column":29}},"2":{"start":{"line":3,"column":0},"end":{"line":3,"column":50}},"3":{"start":{"line":4,"column":0},"end":{"line":4,"column":54}},"5":{"start":{"line":6,"column":0},"end":{"line":6,"column":16}},"6":{"start":{"line":7,"column":0},"end":{"line":7,"column":24}},"7":{"start":{"line":8,"column":0},"end":{"line":8,"column":3}},"8":{"start":{"line":9,"column":0},"end":{"line":9,"column":29}},"9":{"start":{"line":10,"column":0},"end":{"line":10,"column":22}},"10":{"start":{"line":11,"column":0},"end":{"line":11,"column":24}},"11":{"start":{"line":12,"column":0},"end":{"line":12,"column":31}},"12":{"start":{"line":13,"column":0},"end":{"line":13,"column":22}},"13":{"start":{"line":14,"column":0},"end":{"line":14,"column":30}},"14":{"start":{"line":15,"column":0},"end":{"line":15,"column":36}},"15":{"start":{"line":16,"column":0},"end":{"line":16,"column":29}},"16":{"start":{"line":17,"column":0},"end":{"line":17,"column":8}},"17":{"start":{"line":18,"column":0},"end":{"line":18,"column":6}},"18":{"start":{"line":19,"column":0},"end":{"line":19,"column":14}},"19":{"start":{"line":20,"column":0},"end":{"line":20,"column":32}},"20":{"start":{"line":21,"column":0},"end":{"line":21,"column":36}},"21":{"start":{"line":22,"column":0},"end":{"line":22,"column":6}},"22":{"start":{"line":23,"column":0},"end":{"line":23,"column":12}},"23":{"start":{"line":24,"column":0},"end":{"line":24,"column":38}},"24":{"start":{"line":25,"column":0},"end":{"line":25,"column":46}},"25":{"start":{"line":26,"column":0},"end":{"line":26,"column":68}},"26":{"start":{"line":27,"column":0},"end":{"line":27,"column":47}},"27":{"start":{"line":28,"column":0},"end":{"line":28,"column":15}},"28":{"start":{"line":29,"column":0},"end":{"line":29,"column":38}},"29":{"start":{"line":30,"column":0},"end":{"line":30,"column":8}},"30":{"start":{"line":31,"column":0},"end":{"line":31,"column":6}},"31":{"start":{"line":32,"column":0},"end":{"line":32,"column":4}},"32":{"start":{"line":33,"column":0},"end":{"line":33,"column":1}}},"s":{"0":0,"1":0,"2":0,"3":0,"5":0,"6":0,"7":0,"8":0,"9":0,"10":0,"11":0,"12":0,"13":0,"14":0,"15":0,"16":0,"17":0,"18":0,"19":0,"20":0,"21":0,"22":0,"23":0,"24":0,"25":0,"26":0,"27":0,"28":0,"29":0,"30":0,"31":0,"32":0},"branchMap":{"0":{"type":"branch","line":1,"loc":{"start":{"line":1,"column":0},"end":{"line":33,"column":-324}},"locations":[{"start":{"line":1,"column":0},"end":{"line":33,"column":-324}}]}},"b":{"0":[0]},"fnMap":{"0":{"name":"(empty-report)","decl":{"start":{"line":1,"column":0},"end":{"line":33,"column":-324}},"loc":{"start":{"line":1,"column":0},"end":{"line":33,"column":-324}},"line":1}},"f":{"0":0}}
,"/Users/kaylytran/Desktop/CertAtheon/Frontend/vite.config.js": {"path":"/Users/kaylytran/Desktop/CertAtheon/Frontend/vite.config.js","all":true,"statementMap":{"0":{"start":{"line":1,"column":0},"end":{"line":1,"column":45}},"1":{"start":{"line":2,"column":0},"end":{"line":2,"column":41}},"3":{"start":{"line":4,"column":0},"end":{"line":4,"column":29}},"4":{"start":{"line":5,"column":0},"end":{"line":5,"column":21}},"5":{"start":{"line":6,"column":0},"end":{"line":6,"column":9}},"6":{"start":{"line":7,"column":0},"end":{"line":7,"column":18}},"7":{"start":{"line":8,"column":0},"end":{"line":8,"column":25}},"8":{"start":{"line":9,"column":0},"end":{"line":9,"column":38}},"9":{"start":{"line":10,"column":0},"end":{"line":10,"column":15}},"10":{"start":{"line":11,"column":0},"end":{"line":11,"column":21}},"11":{"start":{"line":12,"column":0},"end":{"line":12,"column":41}},"12":{"start":{"line":13,"column":0},"end":{"line":13,"column":37}},"13":{"start":{"line":14,"column":0},"end":{"line":14,"column":6}},"14":{"start":{"line":15,"column":0},"end":{"line":15,"column":16}},"15":{"start":{"line":16,"column":0},"end":{"line":16,"column":16}},"16":{"start":{"line":17,"column":0},"end":{"line":17,"column":13}},"17":{"start":{"line":18,"column":0},"end":{"line":18,"column":6}},"18":{"start":{"line":19,"column":0},"end":{"line":19,"column":20}},"19":{"start":{"line":20,"column":0},"end":{"line":20,"column":44}},"20":{"start":{"line":21,"column":0},"end":{"line":21,"column":6}},"21":{"start":{"line":22,"column":0},"end":{"line":22,"column":15}},"22":{"start":{"line":23,"column":0},"end":{"line":23,"column":64}},"23":{"start":{"line":24,"column":0},"end":{"line":24,"column":5}},"24":{"start":{"line":25,"column":0},"end":{"line":25,"column":5}},"25":{"start":{"line":26,"column":0},"end":{"line":26,"column":3}}},"s":{"0":0,"1":0,"3":0,"4":0,"5":0,"6":0,"7":0,"8":0,"9":0,"10":0,"11":0,"12":0,"13":0,"14":0,"15":0,"16":0,"17":0,"18":0,"19":0,"20":0,"21":0,"22":0,"23":0,"24":0,"25":0},"branchMap":{"0":{"type":"branch","line":1,"loc":{"start":{"line":1,"column":0},"end":{"line":26,"column":-200}},"locations":[{"start":{"line":1,"column":0},"end":{"line":26,"column":-200}}]}},"b":{"0":[0]},"fnMap":{"0":{"name":"(empty-report)","decl":{"start":{"line":1,"column":0},"end":{"line":26,"column":-200}},"loc":{"start":{"line":1,"column":0},"end":{"line":26,"column":-200}},"line":1}},"f":{"0":0}}
,"/Users/kaylytran/Desktop/CertAtheon/Frontend/dist/assets/index-CkakpyIH.js": {"path":"/Users/kaylytran/Desktop/CertAtheon/Frontend/dist/assets/index-CkakpyIH.js","all":true,"statementMap":{"0":{"start":{"line":1,"column":0},"end":{"line":1,"column":840}},"1":{"start":{"line":2,"column":0},"end":{"line":2,"column":17}},"2":{"start":{"line":3,"column":0},"end":{"line":3,"column":34}},"3":{"start":{"line":4,"column":0},"end":{"line":4,"column":2}},"4":{"start":{"line":5,"column":0},"end":{"line":5,"column":53}},"5":{"start":{"line":6,"column":0},"end":{"line":6,"column":2}},"6":{"start":{"line":7,"column":0},"end":{"line":7,"column":66}},"7":{"start":{"line":8,"column":0},"end":{"line":8,"column":58}},"8":{"start":{"line":9,"column":0},"end":{"line":9,"column":484}},"9":{"start":{"line":10,"column":0},"end":{"line":10,"column":17}},"10":{"start":{"line":11,"column":0},"end":{"line":11,"column":22}},"11":{"start":{"line":12,"column":0},"end":{"line":12,"column":2}},"12":{"start":{"line":13,"column":0},"end":{"line":13,"column":53}},"13":{"start":{"line":14,"column":0},"end":{"line":14,"column":2}},"14":{"start":{"line":15,"column":0},"end":{"line":15,"column":66}},"15":{"start":{"line":16,"column":0},"end":{"line":16,"column":58}},"16":{"start":{"line":17,"column":0},"end":{"line":17,"column":7823}},"17":{"start":{"line":18,"column":0},"end":{"line":18,"column":17}},"18":{"start":{"line":19,"column":0},"end":{"line":19,"column":26}},"19":{"start":{"line":20,"column":0},"end":{"line":20,"column":2}},"20":{"start":{"line":21,"column":0},"end":{"line":21,"column":53}},"21":{"start":{"line":22,"column":0},"end":{"line":22,"column":2}},"22":{"start":{"line":23,"column":0},"end":{"line":23,"column":66}},"23":{"start":{"line":24,"column":0},"end":{"line":24,"column":58}},"24":{"start":{"line":25,"column":0},"end":{"line":25,"column":3679}},"25":{"start":{"line":26,"column":0},"end":{"line":26,"column":17}},"26":{"start":{"line":27,"column":0},"end":{"line":27,"column":26}},"27":{"start":{"line":28,"column":0},"end":{"line":28,"column":2}},"28":{"start":{"line":29,"column":0},"end":{"line":29,"column":53}},"29":{"start":{"line":30,"column":0},"end":{"line":30,"column":2}},"30":{"start":{"line":31,"column":0},"end":{"line":31,"column":66}},"31":{"start":{"line":32,"column":0},"end":{"line":32,"column":58}},"32":{"start":{"line":33,"column":0},"end":{"line":33,"column":3609}},"33":{"start":{"line":34,"column":0},"end":{"line":34,"column":17}},"34":{"start":{"line":35,"column":0},"end":{"line":35,"column":33}},"35":{"start":{"line":36,"column":0},"end":{"line":36,"column":2}},"36":{"start":{"line":37,"column":0},"end":{"line":37,"column":53}},"37":{"start":{"line":38,"column":0},"end":{"line":38,"column":2}},"38":{"start":{"line":39,"column":0},"end":{"line":39,"column":66}},"39":{"start":{"line":40,"column":0},"end":{"line":40,"column":58}},"40":{"start":{"line":41,"column":0},"end":{"line":41,"column":10190}},"41":{"start":{"line":42,"column":0},"end":{"line":42,"column":75}},"42":{"start":{"line":43,"column":0},"end":{"line":43,"column":985}},"43":{"start":{"line":44,"column":0},"end":{"line":44,"column":14}},"44":{"start":{"line":45,"column":0},"end":{"line":45,"column":328}},"45":{"start":{"line":46,"column":0},"end":{"line":46,"column":633}},"46":{"start":{"line":47,"column":0},"end":{"line":47,"column":37}},"47":{"start":{"line":48,"column":0},"end":{"line":48,"column":123231}},"48":{"start":{"line":49,"column":0},"end":{"line":49,"column":37311}},"49":{"start":{"line":50,"column":0},"end":{"line":50,"column":22}},"50":{"start":{"line":51,"column":0},"end":{"line":51,"column":2}},"51":{"start":{"line":52,"column":0},"end":{"line":52,"column":36}},"52":{"start":{"line":53,"column":0},"end":{"line":53,"column":2}},"53":{"start":{"line":54,"column":0},"end":{"line":54,"column":66}},"54":{"start":{"line":55,"column":0},"end":{"line":55,"column":61}},"55":{"start":{"line":56,"column":0},"end":{"line":56,"column":2}},"56":{"start":{"line":57,"column":0},"end":{"line":57,"column":15}},"57":{"start":{"line":58,"column":0},"end":{"line":58,"column":10824}},"59":{"start":{"line":60,"column":0},"end":{"line":60,"column":34107}},"60":{"start":{"line":61,"column":0},"end":{"line":61,"column":2713}},"61":{"start":{"line":62,"column":0},"end":{"line":62,"column":11605}},"62":{"start":{"line":63,"column":0},"end":{"line":63,"column":18}},"63":{"start":{"line":64,"column":0},"end":{"line":64,"column":2223}},"64":{"start":{"line":65,"column":0},"end":{"line":65,"column":80218}}},"s":{"0":0,"1":0,"2":0,"3":0,"4":0,"5":0,"6":0,"7":0,"8":0,"9":0,"10":0,"11":0,"12":0,"13":0,"14":0,"15":0,"16":0,"17":0,"18":0,"19":0,"20":0,"21":0,"22":0,"23":0,"24":0,"25":0,"26":0,"27":0,"28":0,"29":0,"30":0,"31":0,"32":0,"33":0,"34":0,"35":0,"36":0,"37":0,"38":0,"39":0,"40":0,"41":0,"42":0,"43":0,"44":0,"45":0,"46":0,"47":0,"48":0,"49":0,"50":0,"51":0,"52":0,"53":0,"54":0,"55":0,"56":0,"57":0,"59":0,"60":0,"61":0,"62":0,"63":0,"64":0},"branchMap":{"0":{"type":"branch","line":1,"loc":{"start":{"line":1,"column":0},"end":{"line":65,"column":79753}},"locations":[{"start":{"line":1,"column":0},"end":{"line":65,"column":79753}}]}},"b":{"0":[0]},"fnMap":{"0":{"name":"(empty-report)","decl":{"start":{"line":1,"column":0},"end":{"line":65,"column":79753}},"loc":{"start":{"line":1,"column":0},"end":{"line":65,"column":79753}},"line":1}},"f":{"0":0}}
,"/Users/kaylytran/Desktop/CertAtheon/Frontend/src/App.jsx": {"path":"/Users/kaylytran/Desktop/CertAtheon/Frontend/src/App.jsx","all":true,"statementMap":{"0":{"start":{"line":1,"column":0},"end":{"line":1,"column":41}},"1":{"start":{"line":2,"column":0},"end":{"line":2,"column":64}},"2":{"start":{"line":3,"column":0},"end":{"line":3,"column":26}},"3":{"start":{"line":4,"column":0},"end":{"line":4,"column":37}},"4":{"start":{"line":5,"column":0},"end":{"line":5,"column":39}},"5":{"start":{"line":6,"column":0},"end":{"line":6,"column":43}},"6":{"start":{"line":7,"column":0},"end":{"line":7,"column":45}},"7":{"start":{"line":8,"column":0},"end":{"line":8,"column":65}},"8":{"start":{"line":9,"column":0},"end":{"line":9,"column":57}},"9":{"start":{"line":10,"column":0},"end":{"line":10,"column":47}},"12":{"start":{"line":13,"column":0},"end":{"line":13,"column":31}},"13":{"start":{"line":14,"column":0},"end":{"line":14,"column":15}},"14":{"start":{"line":15,"column":0},"end":{"line":15,"column":52}},"15":{"start":{"line":16,"column":0},"end":{"line":16,"column":20}},"16":{"start":{"line":17,"column":0},"end":{"line":17,"column":64}},"17":{"start":{"line":18,"column":0},"end":{"line":18,"column":9}},"18":{"start":{"line":19,"column":0},"end":{"line":19,"column":22}},"19":{"start":{"line":20,"column":0},"end":{"line":20,"column":6}},"20":{"start":{"line":21,"column":0},"end":{"line":21,"column":14}},"21":{"start":{"line":22,"column":0},"end":{"line":22,"column":37}},"22":{"start":{"line":23,"column":0},"end":{"line":23,"column":5}},"23":{"start":{"line":24,"column":0},"end":{"line":24,"column":2}},"26":{"start":{"line":27,"column":0},"end":{"line":27,"column":32}},"27":{"start":{"line":28,"column":0},"end":{"line":28,"column":25}},"28":{"start":{"line":29,"column":0},"end":{"line":29,"column":14}},"29":{"start":{"line":30,"column":0},"end":{"line":30,"column":62}},"31":{"start":{"line":32,"column":0},"end":{"line":32,"column":33}},"32":{"start":{"line":33,"column":0},"end":{"line":33,"column":39}},"33":{"start":{"line":34,"column":0},"end":{"line":34,"column":9}},"34":{"start":{"line":35,"column":0},"end":{"line":35,"column":37}},"35":{"start":{"line":36,"column":0},"end":{"line":36,"column":5}},"36":{"start":{"line":37,"column":0},"end":{"line":37,"column":2}},"38":{"start":{"line":39,"column":0},"end":{"line":39,"column":16}},"40":{"start":{"line":41,"column":0},"end":{"line":41,"column":21}},"41":{"start":{"line":42,"column":0},"end":{"line":42,"column":52}},"42":{"start":{"line":43,"column":0},"end":{"line":43,"column":20}},"43":{"start":{"line":44,"column":0},"end":{"line":44,"column":79}},"44":{"start":{"line":45,"column":0},"end":{"line":45,"column":9}},"45":{"start":{"line":46,"column":0},"end":{"line":46,"column":11}},"47":{"start":{"line":48,"column":0},"end":{"line":48,"column":12}},"48":{"start":{"line":49,"column":0},"end":{"line":49,"column":23}},"49":{"start":{"line":50,"column":0},"end":{"line":50,"column":20}},"50":{"start":{"line":51,"column":0},"end":{"line":51,"column":54}},"51":{"start":{"line":52,"column":0},"end":{"line":52,"column":57}},"52":{"start":{"line":53,"column":0},"end":{"line":53,"column":63}},"53":{"start":{"line":54,"column":0},"end":{"line":54,"column":74}},"54":{"start":{"line":55,"column":0},"end":{"line":55,"column":65}},"55":{"start":{"line":56,"column":0},"end":{"line":56,"column":77}},"56":{"start":{"line":57,"column":0},"end":{"line":57,"column":63}},"57":{"start":{"line":58,"column":0},"end":{"line":58,"column":21}},"58":{"start":{"line":59,"column":0},"end":{"line":59,"column":24}},"60":{"start":{"line":61,"column":0},"end":{"line":61,"column":1}},"62":{"start":{"line":63,"column":0},"end":{"line":63,"column":19}}},"s":{"0":0,"1":0,"2":0,"3":0,"4":0,"5":0,"6":0,"7":0,"8":0,"9":0,"12":0,"13":0,"14":0,"15":0,"16":0,"17":0,"18":0,"19":0,"20":0,"21":0,"22":0,"23":0,"26":0,"27":0,"28":0,"29":0,"31":0,"32":0,"33":0,"34":0,"35":0,"36":0,"38":0,"40":0,"41":0,"42":0,"43":0,"44":0,"45":0,"47":0,"48":0,"49":0,"50":0,"51":0,"52":0,"53":0,"54":0,"55":0,"56":0,"57":0,"58":0,"60":0,"62":0},"branchMap":{"0":{"type":"branch","line":1,"loc":{"start":{"line":1,"column":1548},"end":{"line":63,"column":-621}},"locations":[{"start":{"line":1,"column":1548},"end":{"line":63,"column":-621}}]}},"b":{"0":[0]},"fnMap":{"0":{"name":"(empty-report)","decl":{"start":{"line":1,"column":1548},"end":{"line":63,"column":-621}},"loc":{"start":{"line":1,"column":1548},"end":{"line":63,"column":-621}},"line":1}},"f":{"0":0}}
,"/Users/kaylytran/Desktop/CertAtheon/Frontend/src/main.jsx": {"path":"/Users/kaylytran/Desktop/CertAtheon/Frontend/src/main.jsx","all":true,"statementMap":{"0":{"start":{"line":1,"column":0},"end":{"line":1,"column":34}},"1":{"start":{"line":2,"column":0},"end":{"line":2,"column":45}},"2":{"start":{"line":3,"column":0},"end":{"line":3,"column":27}},"3":{"start":{"line":4,"column":0},"end":{"line":4,"column":20}},"5":{"start":{"line":6,"column":0},"end":{"line":6,"column":51}},"6":{"start":{"line":7,"column":0},"end":{"line":7,"column":14}},"7":{"start":{"line":8,"column":0},"end":{"line":8,"column":11}},"8":{"start":{"line":9,"column":0},"end":{"line":9,"column":16}},"9":{"start":{"line":10,"column":0},"end":{"line":10,"column":1}}},"s":{"0":0,"1":0,"2":0,"3":0,"5":0,"6":0,"7":0,"8":0,"9":0},"branchMap":{"0":{"type":"branch","line":1,"loc":{"start":{"line":1,"column":202},"end":{"line":10,"column":-147}},"locations":[{"start":{"line":1,"column":202},"end":{"line":10,"column":-147}}]}},"b":{"0":[0]},"fnMap":{"0":{"name":"(empty-report)","decl":{"start":{"line":1,"column":202},"end":{"line":10,"column":-147}},"loc":{"start":{"line":1,"column":202},"end":{"line":10,"column":-147}},"line":1}},"f":{"0":0}}
,"/Users/kaylytran/Desktop/CertAtheon/Frontend/src/components/AdminPage.jsx": {"path":"/Users/kaylytran/Desktop/CertAtheon/Frontend/src/components/AdminPage.jsx","all":false,"statementMap":{"0":{"start":{"line":1,"column":0},"end":{"line":1,"column":59}},"1":{"start":{"line":2,"column":0},"end":{"line":2,"column":47}},"2":{"start":{"line":3,"column":0},"end":{"line":3,"column":26}},"3":{"start":{"line":4,"column":0},"end":{"line":4,"column":26}},"5":{"start":{"line":6,"column":0},"end":{"line":6,"column":25}},"6":{"start":{"line":7,"column":0},"end":{"line":7,"column":35}},"7":{"start":{"line":8,"column":0},"end":{"line":8,"column":50}},"8":{"start":{"line":9,"column":0},"end":{"line":9,"column":52}},"11":{"start":{"line":12,"column":0},"end":{"line":12,"column":78}},"12":{"start":{"line":13,"column":0},"end":{"line":13,"column":93}},"13":{"start":{"line":14,"column":0},"end":{"line":14,"column":49}},"14":{"start":{"line":15,"column":0},"end":{"line":15,"column":45}},"15":{"start":{"line":16,"column":0},"end":{"line":16,"column":60}},"16":{"start":{"line":17,"column":0},"end":{"line":17,"column":80}},"17":{"start":{"line":18,"column":0},"end":{"line":18,"column":77}},"18":{"start":{"line":19,"column":0},"end":{"line":19,"column":70}},"19":{"start":{"line":20,"column":0},"end":{"line":20,"column":69}},"20":{"start":{"line":21,"column":0},"end":{"line":21,"column":60}},"21":{"start":{"line":22,"column":0},"end":{"line":22,"column":66}},"22":{"start":{"line":23,"column":0},"end":{"line":23,"column":55}},"23":{"start":{"line":24,"column":0},"end":{"line":24,"column":70}},"24":{"start":{"line":25,"column":0},"end":{"line":25,"column":59}},"27":{"start":{"line":28,"column":0},"end":{"line":28,"column":35}},"30":{"start":{"line":31,"column":0},"end":{"line":31,"column":54}},"31":{"start":{"line":32,"column":0},"end":{"line":32,"column":79}},"32":{"start":{"line":33,"column":0},"end":{"line":33,"column":68}},"33":{"start":{"line":34,"column":0},"end":{"line":34,"column":80}},"34":{"start":{"line":35,"column":0},"end":{"line":35,"column":52}},"35":{"start":{"line":36,"column":0},"end":{"line":36,"column":77}},"36":{"start":{"line":37,"column":0},"end":{"line":37,"column":81}},"38":{"start":{"line":39,"column":0},"end":{"line":39,"column":60}},"39":{"start":{"line":40,"column":0},"end":{"line":40,"column":22}},"40":{"start":{"line":41,"column":0},"end":{"line":41,"column":21}},"41":{"start":{"line":42,"column":0},"end":{"line":42,"column":18}},"42":{"start":{"line":43,"column":0},"end":{"line":43,"column":21}},"43":{"start":{"line":44,"column":0},"end":{"line":44,"column":25}},"44":{"start":{"line":45,"column":0},"end":{"line":45,"column":34}},"45":{"start":{"line":46,"column":0},"end":{"line":46,"column":30}},"46":{"start":{"line":47,"column":0},"end":{"line":47,"column":7}},"47":{"start":{"line":48,"column":0},"end":{"line":48,"column":22}},"48":{"start":{"line":49,"column":0},"end":{"line":49,"column":63}},"49":{"start":{"line":50,"column":0},"end":{"line":50,"column":57}},"50":{"start":{"line":51,"column":0},"end":{"line":51,"column":61}},"51":{"start":{"line":52,"column":0},"end":{"line":52,"column":6}},"54":{"start":{"line":55,"column":0},"end":{"line":55,"column":21}},"55":{"start":{"line":56,"column":0},"end":{"line":56,"column":49}},"56":{"start":{"line":57,"column":0},"end":{"line":57,"column":17}},"57":{"start":{"line":58,"column":0},"end":{"line":58,"column":72}},"58":{"start":{"line":59,"column":0},"end":{"line":59,"column":66}},"59":{"start":{"line":60,"column":0},"end":{"line":60,"column":19}},"60":{"start":{"line":61,"column":0},"end":{"line":61,"column":66}},"61":{"start":{"line":62,"column":0},"end":{"line":62,"column":31}},"62":{"start":{"line":63,"column":0},"end":{"line":63,"column":63}},"63":{"start":{"line":64,"column":0},"end":{"line":64,"column":34}},"64":{"start":{"line":65,"column":0},"end":{"line":65,"column":67}},"65":{"start":{"line":66,"column":0},"end":{"line":66,"column":43}},"66":{"start":{"line":67,"column":0},"end":{"line":67,"column":66}},"67":{"start":{"line":68,"column":0},"end":{"line":68,"column":17}},"68":{"start":{"line":69,"column":0},"end":{"line":69,"column":27}},"69":{"start":{"line":70,"column":0},"end":{"line":70,"column":70}},"70":{"start":{"line":71,"column":0},"end":{"line":71,"column":13}},"71":{"start":{"line":72,"column":0},"end":{"line":72,"column":10}},"73":{"start":{"line":74,"column":0},"end":{"line":74,"column":65}},"74":{"start":{"line":75,"column":0},"end":{"line":75,"column":26}},"75":{"start":{"line":76,"column":0},"end":{"line":76,"column":39}},"76":{"start":{"line":77,"column":0},"end":{"line":77,"column":16}},"77":{"start":{"line":78,"column":0},"end":{"line":78,"column":34}},"78":{"start":{"line":79,"column":0},"end":{"line":79,"column":9}},"80":{"start":{"line":81,"column":0},"end":{"line":81,"column":22}},"81":{"start":{"line":82,"column":0},"end":{"line":82,"column":38}},"82":{"start":{"line":83,"column":0},"end":{"line":83,"column":10}},"83":{"start":{"line":84,"column":0},"end":{"line":84,"column":25}},"86":{"start":{"line":87,"column":0},"end":{"line":87,"column":21}},"87":{"start":{"line":88,"column":0},"end":{"line":88,"column":48}},"88":{"start":{"line":89,"column":0},"end":{"line":89,"column":17}},"89":{"start":{"line":90,"column":0},"end":{"line":90,"column":33}},"91":{"start":{"line":92,"column":0},"end":{"line":92,"column":49}},"92":{"start":{"line":93,"column":0},"end":{"line":93,"column":144}},"93":{"start":{"line":94,"column":0},"end":{"line":94,"column":21}},"94":{"start":{"line":95,"column":0},"end":{"line":95,"column":70}},"95":{"start":{"line":96,"column":0},"end":{"line":96,"column":21}},"96":{"start":{"line":97,"column":0},"end":{"line":97,"column":18}},"99":{"start":{"line":100,"column":0},"end":{"line":100,"column":40}},"100":{"start":{"line":101,"column":0},"end":{"line":101,"column":62}},"101":{"start":{"line":102,"column":0},"end":{"line":102,"column":73}},"102":{"start":{"line":103,"column":0},"end":{"line":103,"column":93}},"103":{"start":{"line":104,"column":0},"end":{"line":104,"column":83}},"105":{"start":{"line":106,"column":0},"end":{"line":106,"column":69}},"106":{"start":{"line":107,"column":0},"end":{"line":107,"column":55}},"110":{"start":{"line":111,"column":0},"end":{"line":111,"column":69}},"113":{"start":{"line":114,"column":0},"end":{"line":114,"column":100}},"114":{"start":{"line":115,"column":0},"end":{"line":115,"column":49}},"116":{"start":{"line":117,"column":0},"end":{"line":117,"column":82}},"117":{"start":{"line":118,"column":0},"end":{"line":118,"column":17}},"118":{"start":{"line":119,"column":0},"end":{"line":119,"column":27}},"119":{"start":{"line":120,"column":0},"end":{"line":120,"column":69}},"120":{"start":{"line":121,"column":0},"end":{"line":121,"column":40}},"121":{"start":{"line":122,"column":0},"end":{"line":122,"column":63}},"122":{"start":{"line":123,"column":0},"end":{"line":123,"column":45}},"123":{"start":{"line":124,"column":0},"end":{"line":124,"column":17}},"124":{"start":{"line":125,"column":0},"end":{"line":125,"column":23}},"125":{"start":{"line":126,"column":0},"end":{"line":126,"column":40}},"126":{"start":{"line":127,"column":0},"end":{"line":127,"column":38}},"127":{"start":{"line":128,"column":0},"end":{"line":128,"column":17}},"128":{"start":{"line":129,"column":0},"end":{"line":129,"column":13}},"129":{"start":{"line":130,"column":0},"end":{"line":130,"column":10}},"131":{"start":{"line":132,"column":0},"end":{"line":132,"column":29}},"132":{"start":{"line":133,"column":0},"end":{"line":133,"column":61}},"135":{"start":{"line":136,"column":0},"end":{"line":136,"column":33}},"136":{"start":{"line":137,"column":0},"end":{"line":137,"column":37}},"137":{"start":{"line":138,"column":0},"end":{"line":138,"column":30}},"138":{"start":{"line":139,"column":0},"end":{"line":139,"column":6}},"141":{"start":{"line":142,"column":0},"end":{"line":142,"column":31}},"142":{"start":{"line":143,"column":0},"end":{"line":143,"column":57}},"143":{"start":{"line":144,"column":0},"end":{"line":144,"column":35}},"144":{"start":{"line":145,"column":0},"end":{"line":145,"column":59}},"145":{"start":{"line":146,"column":0},"end":{"line":146,"column":26}},"146":{"start":{"line":147,"column":0},"end":{"line":147,"column":6}},"149":{"start":{"line":150,"column":0},"end":{"line":150,"column":41}},"150":{"start":{"line":151,"column":0},"end":{"line":151,"column":32}},"151":{"start":{"line":152,"column":0},"end":{"line":152,"column":26}},"152":{"start":{"line":153,"column":0},"end":{"line":153,"column":9}},"153":{"start":{"line":154,"column":0},"end":{"line":154,"column":6}},"156":{"start":{"line":157,"column":0},"end":{"line":157,"column":46}},"157":{"start":{"line":158,"column":0},"end":{"line":158,"column":58}},"158":{"start":{"line":159,"column":0},"end":{"line":159,"column":29}},"159":{"start":{"line":160,"column":0},"end":{"line":160,"column":35}},"160":{"start":{"line":161,"column":0},"end":{"line":161,"column":6}},"163":{"start":{"line":164,"column":0},"end":{"line":164,"column":45}},"164":{"start":{"line":165,"column":0},"end":{"line":165,"column":47}},"165":{"start":{"line":166,"column":0},"end":{"line":166,"column":31}},"166":{"start":{"line":167,"column":0},"end":{"line":167,"column":73}},"167":{"start":{"line":168,"column":0},"end":{"line":168,"column":26}},"168":{"start":{"line":169,"column":0},"end":{"line":169,"column":6}},"171":{"start":{"line":172,"column":0},"end":{"line":172,"column":38}},"172":{"start":{"line":173,"column":0},"end":{"line":173,"column":41}},"173":{"start":{"line":174,"column":0},"end":{"line":174,"column":43}},"174":{"start":{"line":175,"column":0},"end":{"line":175,"column":24}},"175":{"start":{"line":176,"column":0},"end":{"line":176,"column":26}},"176":{"start":{"line":177,"column":0},"end":{"line":177,"column":12}},"177":{"start":{"line":178,"column":0},"end":{"line":178,"column":6}},"180":{"start":{"line":181,"column":0},"end":{"line":181,"column":44}},"181":{"start":{"line":182,"column":0},"end":{"line":182,"column":27}},"183":{"start":{"line":184,"column":0},"end":{"line":184,"column":73}},"186":{"start":{"line":187,"column":0},"end":{"line":187,"column":60}},"187":{"start":{"line":188,"column":0},"end":{"line":188,"column":69}},"188":{"start":{"line":189,"column":0},"end":{"line":189,"column":19}},"189":{"start":{"line":190,"column":0},"end":{"line":190,"column":9}},"191":{"start":{"line":192,"column":0},"end":{"line":192,"column":58}},"192":{"start":{"line":193,"column":0},"end":{"line":193,"column":68}},"193":{"start":{"line":194,"column":0},"end":{"line":194,"column":19}},"194":{"start":{"line":195,"column":0},"end":{"line":195,"column":9}},"197":{"start":{"line":198,"column":0},"end":{"line":198,"column":44}},"198":{"start":{"line":199,"column":0},"end":{"line":199,"column":41}},"199":{"start":{"line":200,"column":0},"end":{"line":200,"column":94}},"200":{"start":{"line":201,"column":0},"end":{"line":201,"column":19}},"201":{"start":{"line":202,"column":0},"end":{"line":202,"column":9}},"203":{"start":{"line":204,"column":0},"end":{"line":204,"column":40}},"204":{"start":{"line":205,"column":0},"end":{"line":205,"column":93}},"205":{"start":{"line":206,"column":0},"end":{"line":206,"column":19}},"206":{"start":{"line":207,"column":0},"end":{"line":207,"column":9}},"209":{"start":{"line":210,"column":0},"end":{"line":210,"column":78}},"210":{"start":{"line":211,"column":0},"end":{"line":211,"column":38}},"211":{"start":{"line":212,"column":0},"end":{"line":212,"column":57}},"212":{"start":{"line":213,"column":0},"end":{"line":213,"column":19}},"213":{"start":{"line":214,"column":0},"end":{"line":214,"column":9}},"216":{"start":{"line":217,"column":0},"end":{"line":217,"column":34}},"217":{"start":{"line":218,"column":0},"end":{"line":218,"column":66}},"218":{"start":{"line":219,"column":0},"end":{"line":219,"column":19}},"219":{"start":{"line":220,"column":0},"end":{"line":220,"column":9}},"221":{"start":{"line":222,"column":0},"end":{"line":222,"column":65}},"222":{"start":{"line":223,"column":0},"end":{"line":223,"column":45}},"223":{"start":{"line":224,"column":0},"end":{"line":224,"column":52}},"224":{"start":{"line":225,"column":0},"end":{"line":225,"column":52}},"226":{"start":{"line":227,"column":0},"end":{"line":227,"column":34}},"227":{"start":{"line":228,"column":0},"end":{"line":228,"column":81}},"228":{"start":{"line":229,"column":0},"end":{"line":229,"column":19}},"229":{"start":{"line":230,"column":0},"end":{"line":230,"column":9}},"230":{"start":{"line":231,"column":0},"end":{"line":231,"column":24}},"231":{"start":{"line":232,"column":0},"end":{"line":232,"column":70}},"232":{"start":{"line":233,"column":0},"end":{"line":233,"column":19}},"233":{"start":{"line":234,"column":0},"end":{"line":234,"column":9}},"234":{"start":{"line":235,"column":0},"end":{"line":235,"column":28}},"235":{"start":{"line":236,"column":0},"end":{"line":236,"column":81}},"236":{"start":{"line":237,"column":0},"end":{"line":237,"column":19}},"237":{"start":{"line":238,"column":0},"end":{"line":238,"column":9}},"238":{"start":{"line":239,"column":0},"end":{"line":239,"column":28}},"239":{"start":{"line":240,"column":0},"end":{"line":240,"column":81}},"240":{"start":{"line":241,"column":0},"end":{"line":241,"column":19}},"241":{"start":{"line":242,"column":0},"end":{"line":242,"column":9}},"243":{"start":{"line":244,"column":0},"end":{"line":244,"column":13}},"244":{"start":{"line":245,"column":0},"end":{"line":245,"column":75}},"245":{"start":{"line":246,"column":0},"end":{"line":246,"column":62}},"246":{"start":{"line":247,"column":0},"end":{"line":247,"column":15}},"248":{"start":{"line":249,"column":0},"end":{"line":249,"column":50}},"249":{"start":{"line":250,"column":0},"end":{"line":250,"column":35}},"252":{"start":{"line":253,"column":0},"end":{"line":253,"column":25}},"253":{"start":{"line":254,"column":0},"end":{"line":254,"column":30}},"256":{"start":{"line":257,"column":0},"end":{"line":257,"column":23}},"257":{"start":{"line":258,"column":0},"end":{"line":258,"column":57}},"258":{"start":{"line":259,"column":0},"end":{"line":259,"column":45}},"259":{"start":{"line":260,"column":0},"end":{"line":260,"column":9}},"260":{"start":{"line":261,"column":0},"end":{"line":261,"column":6}},"263":{"start":{"line":264,"column":0},"end":{"line":264,"column":42}},"265":{"start":{"line":266,"column":0},"end":{"line":266,"column":63}},"266":{"start":{"line":267,"column":0},"end":{"line":267,"column":26}},"267":{"start":{"line":268,"column":0},"end":{"line":268,"column":52}},"268":{"start":{"line":269,"column":0},"end":{"line":269,"column":49}},"269":{"start":{"line":270,"column":0},"end":{"line":270,"column":6}},"272":{"start":{"line":273,"column":0},"end":{"line":273,"column":37}},"273":{"start":{"line":274,"column":0},"end":{"line":274,"column":39}},"274":{"start":{"line":275,"column":0},"end":{"line":275,"column":28}},"275":{"start":{"line":276,"column":0},"end":{"line":276,"column":6}},"277":{"start":{"line":278,"column":0},"end":{"line":278,"column":45}},"278":{"start":{"line":279,"column":0},"end":{"line":279,"column":39}},"279":{"start":{"line":280,"column":0},"end":{"line":280,"column":30}},"280":{"start":{"line":281,"column":0},"end":{"line":281,"column":6}},"283":{"start":{"line":284,"column":0},"end":{"line":284,"column":12}},"284":{"start":{"line":285,"column":0},"end":{"line":285,"column":57}},"285":{"start":{"line":286,"column":0},"end":{"line":286,"column":89}},"286":{"start":{"line":287,"column":0},"end":{"line":287,"column":48}},"287":{"start":{"line":288,"column":0},"end":{"line":288,"column":27}},"288":{"start":{"line":289,"column":0},"end":{"line":289,"column":94}},"289":{"start":{"line":290,"column":0},"end":{"line":290,"column":57}},"290":{"start":{"line":291,"column":0},"end":{"line":291,"column":21}},"292":{"start":{"line":293,"column":0},"end":{"line":293,"column":29}},"293":{"start":{"line":294,"column":0},"end":{"line":294,"column":22}},"294":{"start":{"line":295,"column":0},"end":{"line":295,"column":57}},"295":{"start":{"line":296,"column":0},"end":{"line":296,"column":72}},"296":{"start":{"line":297,"column":0},"end":{"line":297,"column":28}},"297":{"start":{"line":298,"column":0},"end":{"line":298,"column":44}},"298":{"start":{"line":299,"column":0},"end":{"line":299,"column":45}},"299":{"start":{"line":300,"column":0},"end":{"line":300,"column":77}},"300":{"start":{"line":301,"column":0},"end":{"line":301,"column":64}},"301":{"start":{"line":302,"column":0},"end":{"line":302,"column":26}},"302":{"start":{"line":303,"column":0},"end":{"line":303,"column":79}},"303":{"start":{"line":304,"column":0},"end":{"line":304,"column":26}},"304":{"start":{"line":305,"column":0},"end":{"line":305,"column":27}},"305":{"start":{"line":306,"column":0},"end":{"line":306,"column":94}},"306":{"start":{"line":307,"column":0},"end":{"line":307,"column":40}},"307":{"start":{"line":308,"column":0},"end":{"line":308,"column":49}},"308":{"start":{"line":309,"column":0},"end":{"line":309,"column":42}},"309":{"start":{"line":310,"column":0},"end":{"line":310,"column":26}},"310":{"start":{"line":311,"column":0},"end":{"line":311,"column":21}},"312":{"start":{"line":313,"column":0},"end":{"line":313,"column":29}},"313":{"start":{"line":314,"column":0},"end":{"line":314,"column":22}},"314":{"start":{"line":315,"column":0},"end":{"line":315,"column":21}},"316":{"start":{"line":317,"column":0},"end":{"line":317,"column":58}},"318":{"start":{"line":319,"column":0},"end":{"line":319,"column":27}},"319":{"start":{"line":320,"column":0},"end":{"line":320,"column":81}},"320":{"start":{"line":321,"column":0},"end":{"line":321,"column":38}},"321":{"start":{"line":322,"column":0},"end":{"line":322,"column":32}},"322":{"start":{"line":323,"column":0},"end":{"line":323,"column":92}},"323":{"start":{"line":324,"column":0},"end":{"line":324,"column":68}},"324":{"start":{"line":325,"column":0},"end":{"line":325,"column":25}},"326":{"start":{"line":327,"column":0},"end":{"line":327,"column":33}},"327":{"start":{"line":328,"column":0},"end":{"line":328,"column":26}},"331":{"start":{"line":332,"column":0},"end":{"line":332,"column":84}},"332":{"start":{"line":333,"column":0},"end":{"line":333,"column":23}},"333":{"start":{"line":334,"column":0},"end":{"line":334,"column":74}},"334":{"start":{"line":335,"column":0},"end":{"line":335,"column":24}},"335":{"start":{"line":336,"column":0},"end":{"line":336,"column":23}},"336":{"start":{"line":337,"column":0},"end":{"line":337,"column":96}},"337":{"start":{"line":338,"column":0},"end":{"line":338,"column":24}},"338":{"start":{"line":339,"column":0},"end":{"line":339,"column":23}},"339":{"start":{"line":340,"column":0},"end":{"line":340,"column":86}},"340":{"start":{"line":341,"column":0},"end":{"line":341,"column":24}},"341":{"start":{"line":342,"column":0},"end":{"line":342,"column":22}},"344":{"start":{"line":345,"column":0},"end":{"line":345,"column":88}},"345":{"start":{"line":346,"column":0},"end":{"line":346,"column":61}},"346":{"start":{"line":347,"column":0},"end":{"line":347,"column":52}},"347":{"start":{"line":348,"column":0},"end":{"line":348,"column":34}},"348":{"start":{"line":349,"column":0},"end":{"line":349,"column":43}},"349":{"start":{"line":350,"column":0},"end":{"line":350,"column":44}},"350":{"start":{"line":351,"column":0},"end":{"line":351,"column":73}},"351":{"start":{"line":352,"column":0},"end":{"line":352,"column":92}},"352":{"start":{"line":353,"column":0},"end":{"line":353,"column":56}},"353":{"start":{"line":354,"column":0},"end":{"line":354,"column":30}},"354":{"start":{"line":355,"column":0},"end":{"line":355,"column":35}},"355":{"start":{"line":356,"column":0},"end":{"line":356,"column":102}},"356":{"start":{"line":357,"column":0},"end":{"line":357,"column":58}},"357":{"start":{"line":358,"column":0},"end":{"line":358,"column":29}},"359":{"start":{"line":360,"column":0},"end":{"line":360,"column":37}},"360":{"start":{"line":361,"column":0},"end":{"line":361,"column":30}},"362":{"start":{"line":363,"column":0},"end":{"line":363,"column":52}},"363":{"start":{"line":364,"column":0},"end":{"line":364,"column":34}},"364":{"start":{"line":365,"column":0},"end":{"line":365,"column":43}},"365":{"start":{"line":366,"column":0},"end":{"line":366,"column":51}},"366":{"start":{"line":367,"column":0},"end":{"line":367,"column":55}},"367":{"start":{"line":368,"column":0},"end":{"line":368,"column":65}},"368":{"start":{"line":369,"column":0},"end":{"line":369,"column":92}},"369":{"start":{"line":370,"column":0},"end":{"line":370,"column":64}},"370":{"start":{"line":371,"column":0},"end":{"line":371,"column":30}},"371":{"start":{"line":372,"column":0},"end":{"line":372,"column":35}},"372":{"start":{"line":373,"column":0},"end":{"line":373,"column":102}},"373":{"start":{"line":374,"column":0},"end":{"line":374,"column":53}},"374":{"start":{"line":375,"column":0},"end":{"line":375,"column":29}},"376":{"start":{"line":377,"column":0},"end":{"line":377,"column":37}},"377":{"start":{"line":378,"column":0},"end":{"line":378,"column":30}},"378":{"start":{"line":379,"column":0},"end":{"line":379,"column":26}},"379":{"start":{"line":380,"column":0},"end":{"line":380,"column":22}},"382":{"start":{"line":383,"column":0},"end":{"line":383,"column":72}},"383":{"start":{"line":384,"column":0},"end":{"line":384,"column":82}},"384":{"start":{"line":385,"column":0},"end":{"line":385,"column":48}},"385":{"start":{"line":386,"column":0},"end":{"line":386,"column":31}},"386":{"start":{"line":387,"column":0},"end":{"line":387,"column":65}},"387":{"start":{"line":388,"column":0},"end":{"line":388,"column":98}},"388":{"start":{"line":389,"column":0},"end":{"line":389,"column":25}},"390":{"start":{"line":391,"column":0},"end":{"line":391,"column":33}},"391":{"start":{"line":392,"column":0},"end":{"line":392,"column":31}},"392":{"start":{"line":393,"column":0},"end":{"line":393,"column":44}},"393":{"start":{"line":394,"column":0},"end":{"line":394,"column":68}},"394":{"start":{"line":395,"column":0},"end":{"line":395,"column":57}},"395":{"start":{"line":396,"column":0},"end":{"line":396,"column":30}},"396":{"start":{"line":397,"column":0},"end":{"line":397,"column":100}},"397":{"start":{"line":398,"column":0},"end":{"line":398,"column":25}},"399":{"start":{"line":400,"column":0},"end":{"line":400,"column":33}},"400":{"start":{"line":401,"column":0},"end":{"line":401,"column":31}},"401":{"start":{"line":402,"column":0},"end":{"line":402,"column":50}},"402":{"start":{"line":403,"column":0},"end":{"line":403,"column":37}},"403":{"start":{"line":404,"column":0},"end":{"line":404,"column":98}},"404":{"start":{"line":405,"column":0},"end":{"line":405,"column":86}},"405":{"start":{"line":406,"column":0},"end":{"line":406,"column":61}},"406":{"start":{"line":407,"column":0},"end":{"line":407,"column":39}},"408":{"start":{"line":409,"column":0},"end":{"line":409,"column":106}},"409":{"start":{"line":410,"column":0},"end":{"line":410,"column":77}},"410":{"start":{"line":411,"column":0},"end":{"line":411,"column":56}},"411":{"start":{"line":412,"column":0},"end":{"line":412,"column":88}},"412":{"start":{"line":413,"column":0},"end":{"line":413,"column":68}},"413":{"start":{"line":414,"column":0},"end":{"line":414,"column":49}},"414":{"start":{"line":415,"column":0},"end":{"line":415,"column":50}},"415":{"start":{"line":416,"column":0},"end":{"line":416,"column":47}},"416":{"start":{"line":417,"column":0},"end":{"line":417,"column":88}},"417":{"start":{"line":418,"column":0},"end":{"line":418,"column":76}},"418":{"start":{"line":419,"column":0},"end":{"line":419,"column":33}},"419":{"start":{"line":420,"column":0},"end":{"line":420,"column":30}},"420":{"start":{"line":421,"column":0},"end":{"line":421,"column":100}},"421":{"start":{"line":422,"column":0},"end":{"line":422,"column":25}},"423":{"start":{"line":424,"column":0},"end":{"line":424,"column":33}},"424":{"start":{"line":425,"column":0},"end":{"line":425,"column":31}},"425":{"start":{"line":426,"column":0},"end":{"line":426,"column":44}},"426":{"start":{"line":427,"column":0},"end":{"line":427,"column":71}},"427":{"start":{"line":428,"column":0},"end":{"line":428,"column":59}},"428":{"start":{"line":429,"column":0},"end":{"line":429,"column":30}},"429":{"start":{"line":430,"column":0},"end":{"line":430,"column":102}},"430":{"start":{"line":431,"column":0},"end":{"line":431,"column":25}},"432":{"start":{"line":433,"column":0},"end":{"line":433,"column":33}},"433":{"start":{"line":434,"column":0},"end":{"line":434,"column":26}},"434":{"start":{"line":435,"column":0},"end":{"line":435,"column":22}},"437":{"start":{"line":438,"column":0},"end":{"line":438,"column":34}},"438":{"start":{"line":439,"column":0},"end":{"line":439,"column":115}},"439":{"start":{"line":440,"column":0},"end":{"line":440,"column":91}},"440":{"start":{"line":441,"column":0},"end":{"line":441,"column":92}},"441":{"start":{"line":442,"column":0},"end":{"line":442,"column":63}},"442":{"start":{"line":443,"column":0},"end":{"line":443,"column":54}},"443":{"start":{"line":444,"column":0},"end":{"line":444,"column":118}},"444":{"start":{"line":445,"column":0},"end":{"line":445,"column":42}},"445":{"start":{"line":446,"column":0},"end":{"line":446,"column":51}},"446":{"start":{"line":447,"column":0},"end":{"line":447,"column":56}},"447":{"start":{"line":448,"column":0},"end":{"line":448,"column":73}},"448":{"start":{"line":449,"column":0},"end":{"line":449,"column":68}},"449":{"start":{"line":450,"column":0},"end":{"line":450,"column":102}},"450":{"start":{"line":451,"column":0},"end":{"line":451,"column":48}},"451":{"start":{"line":452,"column":0},"end":{"line":452,"column":38}},"452":{"start":{"line":453,"column":0},"end":{"line":453,"column":38}},"453":{"start":{"line":454,"column":0},"end":{"line":454,"column":54}},"454":{"start":{"line":455,"column":0},"end":{"line":455,"column":117}},"455":{"start":{"line":456,"column":0},"end":{"line":456,"column":42}},"456":{"start":{"line":457,"column":0},"end":{"line":457,"column":51}},"457":{"start":{"line":458,"column":0},"end":{"line":458,"column":55}},"458":{"start":{"line":459,"column":0},"end":{"line":459,"column":72}},"459":{"start":{"line":460,"column":0},"end":{"line":460,"column":68}},"460":{"start":{"line":461,"column":0},"end":{"line":461,"column":102}},"461":{"start":{"line":462,"column":0},"end":{"line":462,"column":48}},"462":{"start":{"line":463,"column":0},"end":{"line":463,"column":38}},"463":{"start":{"line":464,"column":0},"end":{"line":464,"column":38}},"464":{"start":{"line":465,"column":0},"end":{"line":465,"column":54}},"465":{"start":{"line":466,"column":0},"end":{"line":466,"column":113}},"466":{"start":{"line":467,"column":0},"end":{"line":467,"column":42}},"467":{"start":{"line":468,"column":0},"end":{"line":468,"column":52}},"468":{"start":{"line":469,"column":0},"end":{"line":469,"column":52}},"469":{"start":{"line":470,"column":0},"end":{"line":470,"column":69}},"470":{"start":{"line":471,"column":0},"end":{"line":471,"column":68}},"471":{"start":{"line":472,"column":0},"end":{"line":472,"column":102}},"472":{"start":{"line":473,"column":0},"end":{"line":473,"column":48}},"473":{"start":{"line":474,"column":0},"end":{"line":474,"column":38}},"474":{"start":{"line":475,"column":0},"end":{"line":475,"column":38}},"475":{"start":{"line":476,"column":0},"end":{"line":476,"column":54}},"476":{"start":{"line":477,"column":0},"end":{"line":477,"column":116}},"477":{"start":{"line":478,"column":0},"end":{"line":478,"column":42}},"478":{"start":{"line":479,"column":0},"end":{"line":479,"column":55}},"479":{"start":{"line":480,"column":0},"end":{"line":480,"column":55}},"480":{"start":{"line":481,"column":0},"end":{"line":481,"column":72}},"481":{"start":{"line":482,"column":0},"end":{"line":482,"column":68}},"482":{"start":{"line":483,"column":0},"end":{"line":483,"column":102}},"483":{"start":{"line":484,"column":0},"end":{"line":484,"column":48}},"484":{"start":{"line":485,"column":0},"end":{"line":485,"column":38}},"485":{"start":{"line":486,"column":0},"end":{"line":486,"column":38}},"486":{"start":{"line":487,"column":0},"end":{"line":487,"column":72}},"487":{"start":{"line":488,"column":0},"end":{"line":488,"column":43}},"488":{"start":{"line":489,"column":0},"end":{"line":489,"column":53}},"489":{"start":{"line":490,"column":0},"end":{"line":490,"column":78}},"490":{"start":{"line":491,"column":0},"end":{"line":491,"column":110}},"491":{"start":{"line":492,"column":0},"end":{"line":492,"column":37}},"493":{"start":{"line":494,"column":0},"end":{"line":494,"column":45}},"494":{"start":{"line":495,"column":0},"end":{"line":495,"column":43}},"495":{"start":{"line":496,"column":0},"end":{"line":496,"column":53}},"496":{"start":{"line":497,"column":0},"end":{"line":497,"column":110}},"497":{"start":{"line":498,"column":0},"end":{"line":498,"column":37}},"499":{"start":{"line":500,"column":0},"end":{"line":500,"column":45}},"500":{"start":{"line":501,"column":0},"end":{"line":501,"column":38}},"501":{"start":{"line":502,"column":0},"end":{"line":502,"column":35}},"502":{"start":{"line":503,"column":0},"end":{"line":503,"column":30}},"503":{"start":{"line":504,"column":0},"end":{"line":504,"column":26}},"507":{"start":{"line":508,"column":0},"end":{"line":508,"column":37}},"508":{"start":{"line":509,"column":0},"end":{"line":509,"column":115}},"509":{"start":{"line":510,"column":0},"end":{"line":510,"column":91}},"510":{"start":{"line":511,"column":0},"end":{"line":511,"column":95}},"511":{"start":{"line":512,"column":0},"end":{"line":512,"column":121}},"512":{"start":{"line":513,"column":0},"end":{"line":513,"column":34}},"513":{"start":{"line":514,"column":0},"end":{"line":514,"column":43}},"514":{"start":{"line":515,"column":0},"end":{"line":515,"column":52}},"515":{"start":{"line":516,"column":0},"end":{"line":516,"column":59}},"516":{"start":{"line":517,"column":0},"end":{"line":517,"column":230}},"517":{"start":{"line":518,"column":0},"end":{"line":518,"column":30}},"518":{"start":{"line":519,"column":0},"end":{"line":519,"column":68}},"519":{"start":{"line":520,"column":0},"end":{"line":520,"column":39}},"520":{"start":{"line":521,"column":0},"end":{"line":521,"column":49}},"521":{"start":{"line":522,"column":0},"end":{"line":522,"column":77}},"522":{"start":{"line":523,"column":0},"end":{"line":523,"column":106}},"523":{"start":{"line":524,"column":0},"end":{"line":524,"column":33}},"525":{"start":{"line":526,"column":0},"end":{"line":526,"column":41}},"526":{"start":{"line":527,"column":0},"end":{"line":527,"column":39}},"527":{"start":{"line":528,"column":0},"end":{"line":528,"column":49}},"528":{"start":{"line":529,"column":0},"end":{"line":529,"column":58}},"529":{"start":{"line":530,"column":0},"end":{"line":530,"column":57}},"530":{"start":{"line":531,"column":0},"end":{"line":531,"column":49}},"531":{"start":{"line":532,"column":0},"end":{"line":532,"column":80}},"532":{"start":{"line":533,"column":0},"end":{"line":533,"column":84}},"535":{"start":{"line":536,"column":0},"end":{"line":536,"column":138}},"536":{"start":{"line":537,"column":0},"end":{"line":537,"column":62}},"537":{"start":{"line":538,"column":0},"end":{"line":538,"column":89}},"538":{"start":{"line":539,"column":0},"end":{"line":539,"column":94}},"539":{"start":{"line":540,"column":0},"end":{"line":540,"column":54}},"540":{"start":{"line":541,"column":0},"end":{"line":541,"column":51}},"542":{"start":{"line":543,"column":0},"end":{"line":543,"column":85}},"543":{"start":{"line":544,"column":0},"end":{"line":544,"column":95}},"546":{"start":{"line":547,"column":0},"end":{"line":547,"column":74}},"547":{"start":{"line":548,"column":0},"end":{"line":548,"column":92}},"550":{"start":{"line":551,"column":0},"end":{"line":551,"column":61}},"551":{"start":{"line":552,"column":0},"end":{"line":552,"column":66}},"552":{"start":{"line":553,"column":0},"end":{"line":553,"column":59}},"553":{"start":{"line":554,"column":0},"end":{"line":554,"column":92}},"554":{"start":{"line":555,"column":0},"end":{"line":555,"column":102}},"555":{"start":{"line":556,"column":0},"end":{"line":556,"column":45}},"556":{"start":{"line":557,"column":0},"end":{"line":557,"column":48}},"557":{"start":{"line":558,"column":0},"end":{"line":558,"column":85}},"558":{"start":{"line":559,"column":0},"end":{"line":559,"column":41}},"559":{"start":{"line":560,"column":0},"end":{"line":560,"column":38}},"560":{"start":{"line":561,"column":0},"end":{"line":561,"column":108}},"561":{"start":{"line":562,"column":0},"end":{"line":562,"column":33}},"563":{"start":{"line":564,"column":0},"end":{"line":564,"column":41}},"564":{"start":{"line":565,"column":0},"end":{"line":565,"column":34}},"565":{"start":{"line":566,"column":0},"end":{"line":566,"column":30}},"566":{"start":{"line":567,"column":0},"end":{"line":567,"column":26}},"570":{"start":{"line":571,"column":0},"end":{"line":571,"column":39}},"571":{"start":{"line":572,"column":0},"end":{"line":572,"column":115}},"572":{"start":{"line":573,"column":0},"end":{"line":573,"column":91}},"573":{"start":{"line":574,"column":0},"end":{"line":574,"column":99}},"574":{"start":{"line":575,"column":0},"end":{"line":575,"column":128}},"575":{"start":{"line":576,"column":0},"end":{"line":576,"column":34}},"576":{"start":{"line":577,"column":0},"end":{"line":577,"column":43}},"577":{"start":{"line":578,"column":0},"end":{"line":578,"column":52}},"578":{"start":{"line":579,"column":0},"end":{"line":579,"column":67}},"579":{"start":{"line":580,"column":0},"end":{"line":580,"column":230}},"580":{"start":{"line":581,"column":0},"end":{"line":581,"column":30}},"581":{"start":{"line":582,"column":0},"end":{"line":582,"column":68}},"582":{"start":{"line":583,"column":0},"end":{"line":583,"column":39}},"583":{"start":{"line":584,"column":0},"end":{"line":584,"column":49}},"584":{"start":{"line":585,"column":0},"end":{"line":585,"column":79}},"585":{"start":{"line":586,"column":0},"end":{"line":586,"column":106}},"586":{"start":{"line":587,"column":0},"end":{"line":587,"column":33}},"588":{"start":{"line":589,"column":0},"end":{"line":589,"column":41}},"589":{"start":{"line":590,"column":0},"end":{"line":590,"column":39}},"590":{"start":{"line":591,"column":0},"end":{"line":591,"column":49}},"591":{"start":{"line":592,"column":0},"end":{"line":592,"column":58}},"592":{"start":{"line":593,"column":0},"end":{"line":593,"column":59}},"593":{"start":{"line":594,"column":0},"end":{"line":594,"column":49}},"594":{"start":{"line":595,"column":0},"end":{"line":595,"column":80}},"595":{"start":{"line":596,"column":0},"end":{"line":596,"column":86}},"598":{"start":{"line":599,"column":0},"end":{"line":599,"column":141}},"599":{"start":{"line":600,"column":0},"end":{"line":600,"column":62}},"600":{"start":{"line":601,"column":0},"end":{"line":601,"column":89}},"601":{"start":{"line":602,"column":0},"end":{"line":602,"column":94}},"602":{"start":{"line":603,"column":0},"end":{"line":603,"column":54}},"603":{"start":{"line":604,"column":0},"end":{"line":604,"column":51}},"605":{"start":{"line":606,"column":0},"end":{"line":606,"column":97}},"606":{"start":{"line":607,"column":0},"end":{"line":607,"column":95}},"609":{"start":{"line":610,"column":0},"end":{"line":610,"column":76}},"610":{"start":{"line":611,"column":0},"end":{"line":611,"column":94}},"613":{"start":{"line":614,"column":0},"end":{"line":614,"column":61}},"614":{"start":{"line":615,"column":0},"end":{"line":615,"column":66}},"615":{"start":{"line":616,"column":0},"end":{"line":616,"column":59}},"616":{"start":{"line":617,"column":0},"end":{"line":617,"column":104}},"617":{"start":{"line":618,"column":0},"end":{"line":618,"column":114}},"618":{"start":{"line":619,"column":0},"end":{"line":619,"column":45}},"619":{"start":{"line":620,"column":0},"end":{"line":620,"column":48}},"620":{"start":{"line":621,"column":0},"end":{"line":621,"column":85}},"621":{"start":{"line":622,"column":0},"end":{"line":622,"column":41}},"622":{"start":{"line":623,"column":0},"end":{"line":623,"column":38}},"623":{"start":{"line":624,"column":0},"end":{"line":624,"column":110}},"624":{"start":{"line":625,"column":0},"end":{"line":625,"column":33}},"626":{"start":{"line":627,"column":0},"end":{"line":627,"column":41}},"627":{"start":{"line":628,"column":0},"end":{"line":628,"column":34}},"628":{"start":{"line":629,"column":0},"end":{"line":629,"column":30}},"629":{"start":{"line":630,"column":0},"end":{"line":630,"column":26}},"633":{"start":{"line":634,"column":0},"end":{"line":634,"column":76}},"634":{"start":{"line":635,"column":0},"end":{"line":635,"column":53}},"635":{"start":{"line":636,"column":0},"end":{"line":636,"column":79}},"636":{"start":{"line":637,"column":0},"end":{"line":637,"column":70}},"637":{"start":{"line":638,"column":0},"end":{"line":638,"column":36}},"638":{"start":{"line":639,"column":0},"end":{"line":639,"column":126}},"639":{"start":{"line":640,"column":0},"end":{"line":640,"column":127}},"640":{"start":{"line":641,"column":0},"end":{"line":641,"column":132}},"641":{"start":{"line":642,"column":0},"end":{"line":642,"column":126}},"642":{"start":{"line":643,"column":0},"end":{"line":643,"column":127}},"643":{"start":{"line":644,"column":0},"end":{"line":644,"column":133}},"644":{"start":{"line":645,"column":0},"end":{"line":645,"column":137}},"645":{"start":{"line":646,"column":0},"end":{"line":646,"column":138}},"646":{"start":{"line":647,"column":0},"end":{"line":647,"column":130}},"647":{"start":{"line":648,"column":0},"end":{"line":648,"column":37}},"648":{"start":{"line":649,"column":0},"end":{"line":649,"column":36}},"649":{"start":{"line":650,"column":0},"end":{"line":650,"column":81}},"650":{"start":{"line":651,"column":0},"end":{"line":651,"column":44}},"651":{"start":{"line":652,"column":0},"end":{"line":652,"column":40}},"652":{"start":{"line":653,"column":0},"end":{"line":653,"column":112}},"654":{"start":{"line":655,"column":0},"end":{"line":655,"column":45}},"655":{"start":{"line":656,"column":0},"end":{"line":656,"column":41}},"656":{"start":{"line":657,"column":0},"end":{"line":657,"column":68}},"657":{"start":{"line":658,"column":0},"end":{"line":658,"column":80}},"658":{"start":{"line":659,"column":0},"end":{"line":659,"column":136}},"659":{"start":{"line":660,"column":0},"end":{"line":660,"column":134}},"660":{"start":{"line":661,"column":0},"end":{"line":661,"column":131}},"661":{"start":{"line":662,"column":0},"end":{"line":662,"column":145}},"662":{"start":{"line":663,"column":0},"end":{"line":663,"column":130}},"663":{"start":{"line":664,"column":0},"end":{"line":664,"column":110}},"664":{"start":{"line":665,"column":0},"end":{"line":665,"column":84}},"665":{"start":{"line":666,"column":0},"end":{"line":666,"column":49}},"666":{"start":{"line":667,"column":0},"end":{"line":667,"column":110}},"667":{"start":{"line":668,"column":0},"end":{"line":668,"column":94}},"668":{"start":{"line":669,"column":0},"end":{"line":669,"column":49}},"669":{"start":{"line":670,"column":0},"end":{"line":670,"column":110}},"670":{"start":{"line":671,"column":0},"end":{"line":671,"column":115}},"671":{"start":{"line":672,"column":0},"end":{"line":672,"column":103}},"672":{"start":{"line":673,"column":0},"end":{"line":673,"column":67}},"673":{"start":{"line":674,"column":0},"end":{"line":674,"column":49}},"674":{"start":{"line":675,"column":0},"end":{"line":675,"column":110}},"675":{"start":{"line":676,"column":0},"end":{"line":676,"column":109}},"676":{"start":{"line":677,"column":0},"end":{"line":677,"column":100}},"677":{"start":{"line":678,"column":0},"end":{"line":678,"column":67}},"678":{"start":{"line":679,"column":0},"end":{"line":679,"column":49}},"680":{"start":{"line":681,"column":0},"end":{"line":681,"column":110}},"681":{"start":{"line":682,"column":0},"end":{"line":682,"column":69}},"682":{"start":{"line":683,"column":0},"end":{"line":683,"column":55}},"683":{"start":{"line":684,"column":0},"end":{"line":684,"column":107}},"684":{"start":{"line":685,"column":0},"end":{"line":685,"column":89}},"685":{"start":{"line":686,"column":0},"end":{"line":686,"column":49}},"687":{"start":{"line":688,"column":0},"end":{"line":688,"column":57}},"688":{"start":{"line":689,"column":0},"end":{"line":689,"column":53}},"689":{"start":{"line":690,"column":0},"end":{"line":690,"column":93}},"690":{"start":{"line":691,"column":0},"end":{"line":691,"column":45}},"691":{"start":{"line":692,"column":0},"end":{"line":692,"column":38}},"693":{"start":{"line":694,"column":0},"end":{"line":694,"column":40}},"694":{"start":{"line":695,"column":0},"end":{"line":695,"column":112}},"695":{"start":{"line":696,"column":0},"end":{"line":696,"column":125}},"696":{"start":{"line":697,"column":0},"end":{"line":697,"column":45}},"697":{"start":{"line":698,"column":0},"end":{"line":698,"column":41}},"699":{"start":{"line":700,"column":0},"end":{"line":700,"column":36}},"700":{"start":{"line":701,"column":0},"end":{"line":701,"column":32}},"701":{"start":{"line":702,"column":0},"end":{"line":702,"column":26}},"704":{"start":{"line":705,"column":0},"end":{"line":705,"column":54}},"705":{"start":{"line":706,"column":0},"end":{"line":706,"column":127}},"706":{"start":{"line":707,"column":0},"end":{"line":707,"column":83}},"707":{"start":{"line":708,"column":0},"end":{"line":708,"column":39}},"708":{"start":{"line":709,"column":0},"end":{"line":709,"column":85}},"709":{"start":{"line":710,"column":0},"end":{"line":710,"column":64}},"710":{"start":{"line":711,"column":0},"end":{"line":711,"column":148}},"711":{"start":{"line":712,"column":0},"end":{"line":712,"column":57}},"712":{"start":{"line":713,"column":0},"end":{"line":713,"column":88}},"713":{"start":{"line":714,"column":0},"end":{"line":714,"column":83}},"714":{"start":{"line":715,"column":0},"end":{"line":715,"column":39}},"715":{"start":{"line":716,"column":0},"end":{"line":716,"column":33}},"717":{"start":{"line":718,"column":0},"end":{"line":718,"column":41}},"718":{"start":{"line":719,"column":0},"end":{"line":719,"column":39}},"719":{"start":{"line":720,"column":0},"end":{"line":720,"column":85}},"720":{"start":{"line":721,"column":0},"end":{"line":721,"column":73}},"721":{"start":{"line":722,"column":0},"end":{"line":722,"column":153}},"722":{"start":{"line":723,"column":0},"end":{"line":723,"column":66}},"723":{"start":{"line":724,"column":0},"end":{"line":724,"column":88}},"724":{"start":{"line":725,"column":0},"end":{"line":725,"column":83}},"725":{"start":{"line":726,"column":0},"end":{"line":726,"column":39}},"726":{"start":{"line":727,"column":0},"end":{"line":727,"column":33}},"728":{"start":{"line":729,"column":0},"end":{"line":729,"column":41}},"729":{"start":{"line":730,"column":0},"end":{"line":730,"column":34}},"730":{"start":{"line":731,"column":0},"end":{"line":731,"column":105}},"731":{"start":{"line":732,"column":0},"end":{"line":732,"column":37}},"732":{"start":{"line":733,"column":0},"end":{"line":733,"column":69}},"733":{"start":{"line":734,"column":0},"end":{"line":734,"column":72}},"734":{"start":{"line":735,"column":0},"end":{"line":735,"column":83}},"735":{"start":{"line":736,"column":0},"end":{"line":736,"column":49}},"736":{"start":{"line":737,"column":0},"end":{"line":737,"column":64}},"737":{"start":{"line":738,"column":0},"end":{"line":738,"column":95}},"738":{"start":{"line":739,"column":0},"end":{"line":739,"column":49}},"739":{"start":{"line":740,"column":0},"end":{"line":740,"column":93}},"740":{"start":{"line":741,"column":0},"end":{"line":741,"column":36}},"741":{"start":{"line":742,"column":0},"end":{"line":742,"column":38}},"742":{"start":{"line":743,"column":0},"end":{"line":743,"column":67}},"743":{"start":{"line":744,"column":0},"end":{"line":744,"column":117}},"744":{"start":{"line":745,"column":0},"end":{"line":745,"column":43}},"745":{"start":{"line":746,"column":0},"end":{"line":746,"column":57}},"746":{"start":{"line":747,"column":0},"end":{"line":747,"column":60}},"747":{"start":{"line":748,"column":0},"end":{"line":748,"column":75}},"748":{"start":{"line":749,"column":0},"end":{"line":749,"column":188}},"750":{"start":{"line":751,"column":0},"end":{"line":751,"column":68}},"751":{"start":{"line":752,"column":0},"end":{"line":752,"column":70}},"752":{"start":{"line":753,"column":0},"end":{"line":753,"column":70}},"753":{"start":{"line":754,"column":0},"end":{"line":754,"column":70}},"754":{"start":{"line":755,"column":0},"end":{"line":755,"column":70}},"755":{"start":{"line":756,"column":0},"end":{"line":756,"column":45}},"756":{"start":{"line":757,"column":0},"end":{"line":757,"column":135}},"757":{"start":{"line":758,"column":0},"end":{"line":758,"column":47}},"758":{"start":{"line":759,"column":0},"end":{"line":759,"column":79}},"759":{"start":{"line":760,"column":0},"end":{"line":760,"column":72}},"760":{"start":{"line":761,"column":0},"end":{"line":761,"column":167}},"761":{"start":{"line":762,"column":0},"end":{"line":762,"column":137}},"762":{"start":{"line":763,"column":0},"end":{"line":763,"column":47}},"764":{"start":{"line":765,"column":0},"end":{"line":765,"column":82}},"765":{"start":{"line":766,"column":0},"end":{"line":766,"column":62}},"766":{"start":{"line":767,"column":0},"end":{"line":767,"column":49}},"767":{"start":{"line":768,"column":0},"end":{"line":768,"column":47}},"768":{"start":{"line":769,"column":0},"end":{"line":769,"column":93}},"769":{"start":{"line":770,"column":0},"end":{"line":770,"column":72}},"770":{"start":{"line":771,"column":0},"end":{"line":771,"column":154}},"771":{"start":{"line":772,"column":0},"end":{"line":772,"column":137}},"772":{"start":{"line":773,"column":0},"end":{"line":773,"column":47}},"774":{"start":{"line":775,"column":0},"end":{"line":775,"column":85}},"775":{"start":{"line":776,"column":0},"end":{"line":776,"column":61}},"776":{"start":{"line":777,"column":0},"end":{"line":777,"column":49}},"779":{"start":{"line":780,"column":0},"end":{"line":780,"column":88}},"780":{"start":{"line":781,"column":0},"end":{"line":781,"column":74}},"781":{"start":{"line":782,"column":0},"end":{"line":782,"column":48}},"782":{"start":{"line":783,"column":0},"end":{"line":783,"column":68}},"783":{"start":{"line":784,"column":0},"end":{"line":784,"column":77}},"784":{"start":{"line":785,"column":0},"end":{"line":785,"column":112}},"785":{"start":{"line":786,"column":0},"end":{"line":786,"column":47}},"786":{"start":{"line":787,"column":0},"end":{"line":787,"column":56}},"787":{"start":{"line":788,"column":0},"end":{"line":788,"column":59}},"788":{"start":{"line":789,"column":0},"end":{"line":789,"column":72}},"789":{"start":{"line":790,"column":0},"end":{"line":790,"column":100}},"790":{"start":{"line":791,"column":0},"end":{"line":791,"column":121}},"791":{"start":{"line":792,"column":0},"end":{"line":792,"column":86}},"792":{"start":{"line":793,"column":0},"end":{"line":793,"column":109}},"793":{"start":{"line":794,"column":0},"end":{"line":794,"column":119}},"794":{"start":{"line":795,"column":0},"end":{"line":795,"column":79}},"796":{"start":{"line":797,"column":0},"end":{"line":797,"column":68}},"797":{"start":{"line":798,"column":0},"end":{"line":798,"column":61}},"799":{"start":{"line":800,"column":0},"end":{"line":800,"column":55}},"800":{"start":{"line":801,"column":0},"end":{"line":801,"column":103}},"801":{"start":{"line":802,"column":0},"end":{"line":802,"column":112}},"802":{"start":{"line":803,"column":0},"end":{"line":803,"column":47}},"803":{"start":{"line":804,"column":0},"end":{"line":804,"column":56}},"804":{"start":{"line":805,"column":0},"end":{"line":805,"column":57}},"805":{"start":{"line":806,"column":0},"end":{"line":806,"column":72}},"806":{"start":{"line":807,"column":0},"end":{"line":807,"column":157}},"807":{"start":{"line":808,"column":0},"end":{"line":808,"column":53}},"809":{"start":{"line":810,"column":0},"end":{"line":810,"column":59}},"811":{"start":{"line":812,"column":0},"end":{"line":812,"column":45}},"812":{"start":{"line":813,"column":0},"end":{"line":813,"column":56}},"813":{"start":{"line":814,"column":0},"end":{"line":814,"column":43}},"815":{"start":{"line":816,"column":0},"end":{"line":816,"column":47}},"816":{"start":{"line":817,"column":0},"end":{"line":817,"column":93}},"817":{"start":{"line":818,"column":0},"end":{"line":818,"column":81}},"818":{"start":{"line":819,"column":0},"end":{"line":819,"column":154}},"819":{"start":{"line":820,"column":0},"end":{"line":820,"column":146}},"820":{"start":{"line":821,"column":0},"end":{"line":821,"column":47}},"822":{"start":{"line":823,"column":0},"end":{"line":823,"column":81}},"823":{"start":{"line":824,"column":0},"end":{"line":824,"column":61}},"824":{"start":{"line":825,"column":0},"end":{"line":825,"column":49}},"825":{"start":{"line":826,"column":0},"end":{"line":826,"column":47}},"826":{"start":{"line":827,"column":0},"end":{"line":827,"column":88}},"827":{"start":{"line":828,"column":0},"end":{"line":828,"column":81}},"828":{"start":{"line":829,"column":0},"end":{"line":829,"column":167}},"829":{"start":{"line":830,"column":0},"end":{"line":830,"column":146}},"830":{"start":{"line":831,"column":0},"end":{"line":831,"column":47}},"832":{"start":{"line":833,"column":0},"end":{"line":833,"column":81}},"833":{"start":{"line":834,"column":0},"end":{"line":834,"column":61}},"834":{"start":{"line":835,"column":0},"end":{"line":835,"column":49}},"835":{"start":{"line":836,"column":0},"end":{"line":836,"column":42}},"836":{"start":{"line":837,"column":0},"end":{"line":837,"column":38}},"837":{"start":{"line":838,"column":0},"end":{"line":838,"column":34}},"838":{"start":{"line":839,"column":0},"end":{"line":839,"column":30}},"840":{"start":{"line":841,"column":0},"end":{"line":841,"column":22}},"841":{"start":{"line":842,"column":0},"end":{"line":842,"column":19}},"842":{"start":{"line":843,"column":0},"end":{"line":843,"column":14}},"844":{"start":{"line":845,"column":0},"end":{"line":845,"column":2}},"846":{"start":{"line":847,"column":0},"end":{"line":847,"column":25}}},"s":{"0":1,"1":1,"2":1,"3":1,"5":1,"6":13,"7":13,"8":13,"11":13,"12":13,"13":13,"14":13,"15":13,"16":13,"17":13,"18":13,"19":13,"20":13,"21":13,"22":13,"23":13,"24":13,"27":13,"30":13,"31":13,"32":13,"33":13,"34":13,"35":13,"36":13,"38":13,"39":13,"40":13,"41":13,"42":13,"43":13,"44":13,"45":13,"46":13,"47":13,"48":13,"49":13,"50":13,"51":13,"54":13,"55":4,"56":0,"57":0,"58":0,"59":0,"60":0,"61":0,"62":0,"63":0,"64":0,"65":0,"66":0,"67":0,"68":0,"69":0,"70":0,"71":0,"73":4,"74":4,"75":4,"76":4,"77":0,"78":0,"80":4,"81":4,"82":4,"83":13,"86":13,"87":4,"88":4,"89":4,"91":4,"92":4,"93":4,"94":4,"95":4,"96":4,"99":4,"100":4,"101":4,"102":4,"103":4,"105":4,"106":4,"110":4,"113":4,"114":4,"116":4,"117":4,"118":4,"119":1,"120":1,"121":1,"122":1,"123":1,"124":4,"125":4,"126":4,"127":4,"128":4,"129":4,"131":4,"132":13,"135":13,"136":0,"137":0,"138":0,"141":13,"142":0,"143":0,"144":0,"145":0,"146":0,"149":13,"150":0,"151":0,"152":0,"153":0,"156":13,"157":0,"158":0,"159":0,"160":0,"163":13,"164":0,"165":0,"166":0,"167":0,"168":0,"171":13,"172":0,"173":0,"174":0,"175":0,"176":0,"177":0,"180":13,"181":0,"183":0,"186":0,"187":0,"188":0,"189":0,"191":0,"192":0,"193":0,"194":0,"197":0,"198":0,"199":0,"200":0,"201":0,"203":0,"204":0,"205":0,"206":0,"209":0,"210":0,"211":0,"212":0,"213":0,"216":0,"217":0,"218":0,"219":0,"221":0,"222":0,"223":0,"224":0,"226":0,"227":0,"228":0,"229":0,"230":0,"231":0,"232":0,"233":0,"234":0,"235":0,"236":0,"237":0,"238":0,"239":0,"240":0,"241":0,"243":0,"244":0,"245":0,"246":0,"248":0,"249":0,"252":0,"253":0,"256":0,"257":0,"258":0,"259":0,"260":0,"263":13,"265":0,"266":0,"267":0,"268":0,"269":0,"272":13,"273":0,"274":0,"275":0,"277":13,"278":0,"279":0,"280":0,"283":13,"284":13,"285":13,"286":13,"287":13,"288":13,"289":13,"290":13,"292":13,"293":13,"294":13,"295":13,"296":13,"297":13,"298":13,"299":13,"300":13,"301":13,"302":13,"303":13,"304":13,"305":13,"306":13,"307":1,"308":1,"309":1,"310":13,"312":13,"313":13,"314":13,"316":13,"318":13,"319":0,"320":0,"321":0,"322":0,"323":0,"324":0,"326":0,"327":0,"331":13,"332":13,"333":13,"334":13,"335":13,"336":13,"337":13,"338":13,"339":13,"340":13,"341":13,"344":13,"345":13,"346":13,"347":13,"348":13,"349":13,"350":13,"351":13,"352":13,"353":13,"354":13,"355":13,"356":13,"357":13,"359":13,"360":13,"362":13,"363":13,"364":13,"365":13,"366":13,"367":13,"368":13,"369":13,"370":13,"371":13,"372":13,"373":13,"374":13,"376":13,"377":13,"378":13,"379":13,"382":13,"383":13,"384":13,"385":13,"386":13,"387":13,"388":13,"390":13,"391":13,"392":13,"393":0,"394":0,"395":0,"396":13,"397":13,"399":13,"400":13,"401":13,"402":0,"403":0,"404":0,"405":0,"406":0,"408":0,"409":0,"410":0,"411":0,"412":0,"413":0,"414":0,"415":0,"416":0,"417":0,"418":0,"419":0,"420":13,"421":13,"423":13,"424":13,"425":13,"426":0,"427":0,"428":0,"429":13,"430":13,"432":13,"433":13,"434":13,"437":13,"438":1,"439":1,"440":1,"441":1,"442":1,"443":1,"444":1,"445":1,"446":1,"447":1,"448":1,"449":1,"450":1,"451":1,"452":1,"453":1,"454":1,"455":1,"456":1,"457":1,"458":1,"459":1,"460":1,"461":1,"462":1,"463":1,"464":1,"465":1,"466":1,"467":1,"468":1,"469":1,"470":1,"471":1,"472":1,"473":1,"474":1,"475":1,"476":1,"477":1,"478":1,"479":1,"480":1,"481":1,"482":1,"483":1,"484":1,"485":1,"486":1,"487":1,"488":1,"489":1,"490":1,"491":1,"493":1,"494":1,"495":1,"496":1,"497":1,"499":1,"500":1,"501":1,"502":1,"503":1,"507":13,"508":0,"509":0,"510":0,"511":0,"512":0,"513":0,"514":0,"515":0,"516":0,"517":0,"518":0,"519":0,"520":0,"521":0,"522":0,"523":0,"525":0,"526":0,"527":0,"528":0,"529":0,"530":0,"531":0,"532":0,"535":0,"536":0,"537":0,"538":0,"539":0,"540":0,"542":0,"543":0,"546":0,"547":0,"550":0,"551":0,"552":0,"553":0,"554":0,"555":0,"556":0,"557":0,"558":0,"559":0,"560":0,"561":0,"563":0,"564":0,"565":0,"566":0,"570":13,"571":0,"572":0,"573":0,"574":0,"575":0,"576":0,"577":0,"578":0,"579":0,"580":0,"581":0,"582":0,"583":0,"584":0,"585":0,"586":0,"588":0,"589":0,"590":0,"591":0,"592":0,"593":0,"594":0,"595":0,"598":0,"599":0,"600":0,"601":0,"602":0,"603":0,"605":0,"606":0,"609":0,"610":0,"613":0,"614":0,"615":0,"616":0,"617":0,"618":0,"619":0,"620":0,"621":0,"622":0,"623":0,"624":0,"626":0,"627":0,"628":0,"629":0,"633":13,"634":13,"635":13,"636":13,"637":13,"638":13,"639":13,"640":13,"641":13,"642":13,"643":13,"644":13,"645":13,"646":13,"647":13,"648":13,"649":13,"650":13,"651":8,"652":8,"654":8,"655":8,"656":5,"657":0,"658":0,"659":0,"660":0,"661":0,"662":0,"663":0,"664":0,"665":0,"666":0,"667":0,"668":0,"669":0,"670":0,"671":0,"672":0,"673":0,"674":0,"675":0,"676":0,"677":0,"678":0,"680":0,"681":0,"682":0,"683":0,"684":0,"685":0,"687":0,"688":0,"689":0,"690":0,"691":0,"693":5,"694":5,"695":5,"696":5,"697":5,"699":13,"700":13,"701":13,"704":13,"705":0,"706":0,"707":0,"708":0,"709":0,"710":0,"711":0,"712":0,"713":0,"714":0,"715":0,"717":0,"718":0,"719":0,"720":0,"721":0,"722":0,"723":0,"724":0,"725":0,"726":0,"728":0,"729":0,"730":0,"731":0,"732":0,"733":0,"734":0,"735":0,"736":0,"737":0,"738":0,"739":0,"740":0,"741":0,"742":0,"743":0,"744":0,"745":0,"746":0,"747":0,"748":0,"750":0,"751":0,"752":0,"753":0,"754":0,"755":0,"756":0,"757":0,"758":0,"759":0,"760":0,"761":0,"762":0,"764":0,"765":0,"766":0,"767":0,"768":0,"769":0,"770":0,"771":0,"772":0,"774":0,"775":0,"776":0,"779":0,"780":0,"781":0,"782":0,"783":0,"784":0,"785":0,"786":0,"787":0,"788":0,"789":0,"790":0,"791":0,"792":0,"793":0,"794":0,"796":0,"797":0,"799":0,"800":0,"801":0,"802":0,"803":0,"804":0,"805":0,"806":0,"807":0,"809":0,"811":0,"812":0,"813":0,"815":0,"816":0,"817":0,"818":0,"819":0,"820":0,"822":0,"823":0,"824":0,"825":0,"826":0,"827":0,"828":0,"829":0,"830":0,"832":0,"833":0,"834":0,"835":0,"836":0,"837":0,"838":0,"840":13,"841":13,"842":13,"844":13,"846":1},"branchMap":{"0":{"type":"branch","line":6,"loc":{"start":{"line":6,"column":18},"end":{"line":845,"column":2}},"locations":[{"start":{"line":6,"column":18},"end":{"line":845,"column":2}}]},"1":{"type":"branch","line":49,"loc":{"start":{"line":49,"column":51},"end":{"line":49,"column":63}},"locations":[{"start":{"line":49,"column":51},"end":{"line":49,"column":63}}]},"2":{"type":"branch","line":50,"loc":{"start":{"line":50,"column":49},"end":{"line":50,"column":57}},"locations":[{"start":{"line":50,"column":49},"end":{"line":50,"column":57}}]},"3":{"type":"branch","line":51,"loc":{"start":{"line":51,"column":49},"end":{"line":51,"column":61}},"locations":[{"start":{"line":51,"column":49},"end":{"line":51,"column":61}}]},"4":{"type":"branch","line":319,"loc":{"start":{"line":319,"column":17},"end":{"line":328,"column":26}},"locations":[{"start":{"line":319,"column":17},"end":{"line":328,"column":26}}]},"5":{"type":"branch","line":438,"loc":{"start":{"line":438,"column":17},"end":{"line":504,"column":26}},"locations":[{"start":{"line":438,"column":17},"end":{"line":504,"column":26}}]},"6":{"type":"branch","line":508,"loc":{"start":{"line":508,"column":17},"end":{"line":567,"column":26}},"locations":[{"start":{"line":508,"column":17},"end":{"line":567,"column":26}}]},"7":{"type":"branch","line":571,"loc":{"start":{"line":571,"column":17},"end":{"line":630,"column":26}},"locations":[{"start":{"line":571,"column":17},"end":{"line":630,"column":26}}]},"8":{"type":"branch","line":651,"loc":{"start":{"line":651,"column":33},"end":{"line":656,"column":41}},"locations":[{"start":{"line":651,"column":33},"end":{"line":656,"column":41}}]},"9":{"type":"branch","line":656,"loc":{"start":{"line":656,"column":36},"end":{"line":698,"column":41}},"locations":[{"start":{"line":656,"column":36},"end":{"line":698,"column":41}}]},"10":{"type":"branch","line":657,"loc":{"start":{"line":657,"column":63},"end":{"line":692,"column":38}},"locations":[{"start":{"line":657,"column":63},"end":{"line":692,"column":38}}]},"11":{"type":"branch","line":696,"loc":{"start":{"line":696,"column":45},"end":{"line":696,"column":103}},"locations":[{"start":{"line":696,"column":45},"end":{"line":696,"column":103}}]},"12":{"type":"branch","line":705,"loc":{"start":{"line":705,"column":48},"end":{"line":839,"column":30}},"locations":[{"start":{"line":705,"column":48},"end":{"line":839,"column":30}}]},"13":{"type":"branch","line":55,"loc":{"start":{"line":55,"column":14},"end":{"line":84,"column":7}},"locations":[{"start":{"line":55,"column":14},"end":{"line":84,"column":7}}]},"14":{"type":"branch","line":77,"loc":{"start":{"line":77,"column":8},"end":{"line":79,"column":9}},"locations":[{"start":{"line":77,"column":8},"end":{"line":79,"column":9}}]},"15":{"type":"branch","line":81,"loc":{"start":{"line":81,"column":15},"end":{"line":83,"column":10}},"locations":[{"start":{"line":81,"column":15},"end":{"line":83,"column":10}}]},"16":{"type":"branch","line":87,"loc":{"start":{"line":87,"column":14},"end":{"line":133,"column":7}},"locations":[{"start":{"line":87,"column":14},"end":{"line":133,"column":7}}]},"17":{"type":"branch","line":88,"loc":{"start":{"line":88,"column":35},"end":{"line":130,"column":10}},"locations":[{"start":{"line":88,"column":35},"end":{"line":130,"column":10}}]},"18":{"type":"branch","line":93,"loc":{"start":{"line":93,"column":95},"end":{"line":93,"column":138}},"locations":[{"start":{"line":93,"column":95},"end":{"line":93,"column":138}}]},"19":{"type":"branch","line":101,"loc":{"start":{"line":101,"column":51},"end":{"line":101,"column":62}},"locations":[{"start":{"line":101,"column":51},"end":{"line":101,"column":62}}]},"20":{"type":"branch","line":102,"loc":{"start":{"line":102,"column":52},"end":{"line":102,"column":71}},"locations":[{"start":{"line":102,"column":52},"end":{"line":102,"column":71}}]},"21":{"type":"branch","line":103,"loc":{"start":{"line":103,"column":62},"end":{"line":103,"column":91}},"locations":[{"start":{"line":103,"column":62},"end":{"line":103,"column":91}}]},"22":{"type":"branch","line":104,"loc":{"start":{"line":104,"column":57},"end":{"line":104,"column":81}},"locations":[{"start":{"line":104,"column":57},"end":{"line":104,"column":81}}]},"23":{"type":"branch","line":106,"loc":{"start":{"line":106,"column":55},"end":{"line":106,"column":69}},"locations":[{"start":{"line":106,"column":55},"end":{"line":106,"column":69}}]},"24":{"type":"branch","line":111,"loc":{"start":{"line":111,"column":50},"end":{"line":111,"column":67}},"locations":[{"start":{"line":111,"column":50},"end":{"line":111,"column":67}}]},"25":{"type":"branch","line":114,"loc":{"start":{"line":114,"column":93},"end":{"line":114,"column":100}},"locations":[{"start":{"line":114,"column":93},"end":{"line":114,"column":100}}]},"26":{"type":"branch","line":119,"loc":{"start":{"line":119,"column":12},"end":{"line":125,"column":14}},"locations":[{"start":{"line":119,"column":12},"end":{"line":125,"column":14}}]},"27":{"type":"branch","line":301,"loc":{"start":{"line":301,"column":37},"end":{"line":301,"column":64}},"locations":[{"start":{"line":301,"column":37},"end":{"line":301,"column":64}}]},"28":{"type":"branch","line":307,"loc":{"start":{"line":307,"column":33},"end":{"line":310,"column":26}},"locations":[{"start":{"line":307,"column":33},"end":{"line":310,"column":26}}]},"29":{"type":"branch","line":387,"loc":{"start":{"line":387,"column":37},"end":{"line":387,"column":65}},"locations":[{"start":{"line":387,"column":37},"end":{"line":387,"column":65}}]},"30":{"type":"branch","line":490,"loc":{"start":{"line":490,"column":49},"end":{"line":490,"column":78}},"locations":[{"start":{"line":490,"column":49},"end":{"line":490,"column":78}}]}},"b":{"0":[13],"1":[0],"2":[0],"3":[0],"4":[0],"5":[1],"6":[0],"7":[0],"8":[8],"9":[5],"10":[0],"11":[0],"12":[0],"13":[4],"14":[0],"15":[4],"16":[4],"17":[4],"18":[0],"19":[0],"20":[3],"21":[3],"22":[3],"23":[2],"24":[3],"25":[3],"26":[1],"27":[1],"28":[1],"29":[1],"30":[1]},"fnMap":{"0":{"name":"AdminPage","decl":{"start":{"line":6,"column":18},"end":{"line":845,"column":2}},"loc":{"start":{"line":6,"column":18},"end":{"line":845,"column":2}},"line":6},"1":{"name":"fetchProfilePicture","decl":{"start":{"line":56,"column":36},"end":{"line":72,"column":10}},"loc":{"start":{"line":56,"column":36},"end":{"line":72,"column":10}},"line":56},"2":{"name":"fetchDashboardData","decl":{"start":{"line":88,"column":35},"end":{"line":130,"column
[...]
2}},"172":{"start":{"line":173,"column":0},"end":{"line":173,"column":20}},"173":{"start":{"line":174,"column":0},"end":{"line":174,"column":27}},"174":{"start":{"line":175,"column":0},"end":{"line":175,"column":29}},"175":{"start":{"line":176,"column":0},"end":{"line":176,"column":32}},"176":{"start":{"line":177,"column":0},"end":{"line":177,"column":61}},"177":{"start":{"line":178,"column":0},"end":{"line":178,"column":24}},"178":{"start":{"line":179,"column":0},"end":{"line":179,"column":78}},"179":{"start":{"line":180,"column":0},"end":{"line":180,"column":16}},"180":{"start":{"line":181,"column":0},"end":{"line":181,"column":18}},"181":{"start":{"line":182,"column":0},"end":{"line":182,"column":19}},"182":{"start":{"line":183,"column":0},"end":{"line":183,"column":27}},"183":{"start":{"line":184,"column":0},"end":{"line":184,"column":89}},"184":{"start":{"line":185,"column":0},"end":{"line":185,"column":13}},"186":{"start":{"line":187,"column":0},"end":{"line":187,"column":21}},"187":{"start":{"line":188,"column":0},"end":{"line":188,"column":17}},"188":{"start":{"line":189,"column":0},"end":{"line":189,"column":14}},"189":{"start":{"line":190,"column":0},"end":{"line":190,"column":12}},"190":{"start":{"line":191,"column":0},"end":{"line":191,"column":10}},"192":{"start":{"line":193,"column":0},"end":{"line":193,"column":2}},"194":{"start":{"line":195,"column":0},"end":{"line":195,"column":24}}},"s":{"0":1,"1":1,"2":1,"4":1,"5":33,"6":33,"7":33,"8":33,"9":33,"10":33,"11":33,"12":33,"13":33,"14":33,"15":33,"16":33,"18":33,"19":3,"20":3,"21":3,"23":3,"25":3,"26":3,"27":3,"28":3,"29":3,"30":3,"31":3,"32":3,"33":3,"34":3,"35":3,"36":3,"37":3,"38":3,"39":3,"40":3,"41":3,"43":1,"44":1,"45":1,"46":0,"47":1,"48":1,"49":3,"50":2,"53":2,"54":1,"55":1,"56":1,"57":1,"58":1,"59":1,"60":0,"61":0,"62":0,"63":0,"64":1,"65":1,"66":1,"67":2,"68":3,"70":33,"71":33,"72":33,"73":33,"74":33,"75":33,"76":33,"77":33,"78":33,"79":33,"80":33,"81":33,"82":33,"84":33,"85":33,"86":33,"87":33,"88":33,"89":33,"90":33,"91":33,"92":33,"93":33,"94":33,"95":33,"97":33,"98":33,"99":33,"100":33,"101":33,"102":33,"103":33,"104":33,"105":33,"106":33,"107":33,"108":33,"110":33,"111":33,"112":33,"113":33,"114":33,"115":33,"116":33,"117":33,"118":33,"119":33,"120":33,"121":33,"123":33,"124":33,"125":33,"126":33,"127":33,"128":33,"129":33,"130":33,"131":33,"132":33,"133":33,"134":33,"135":33,"136":33,"138":33,"139":33,"140":33,"141":33,"142":33,"143":33,"145":33,"146":33,"147":33,"148":33,"149":33,"150":33,"151":33,"152":33,"153":33,"154":33,"155":33,"156":33,"158":33,"159":33,"160":33,"161":33,"162":33,"163":33,"164":33,"165":33,"166":33,"167":33,"168":33,"169":33,"171":33,"172":33,"173":33,"174":33,"175":33,"176":33,"177":33,"178":33,"179":33,"180":33,"181":33,"182":33,"183":33,"184":33,"186":33,"187":33,"188":33,"189":33,"190":33,"192":33,"194":1},"branchMap":{"0":{"type":"branch","line":5,"loc":{"start":{"line":5,"column":17},"end":{"line":193,"column":2}},"locations":[{"start":{"line":5,"column":17},"end":{"line":193,"column":2}}]},"1":{"type":"branch","line":79,"loc":{"start":{"line":79,"column":11},"end":{"line":79,"column":77}},"locations":[{"start":{"line":79,"column":11},"end":{"line":79,"column":77}}]},"2":{"type":"branch","line":80,"loc":{"start":{"line":80,"column":11},"end":{"line":80,"column":83}},"locations":[{"start":{"line":80,"column":11},"end":{"line":80,"column":83}}]},"3":{"type":"branch","line":127,"loc":{"start":{"line":127,"column":24},"end":{"line":127,"column":48}},"locations":[{"start":{"line":127,"column":24},"end":{"line":127,"column":48}}]},"4":{"type":"branch","line":127,"loc":{"start":{"line":127,"column":39},"end":{"line":127,"column":59}},"locations":[{"start":{"line":127,"column":39},"end":{"line":127,"column":59}}]},"5":{"type":"branch","line":139,"loc":{"start":{"line":139,"column":19},"end":{"line":139,"column":43}},"locations":[{"start":{"line":139,"column":19},"end":{"line":139,"column":43}}]},"6":{"type":"branch","line":139,"loc":{"start":{"line":139,"column":34},"end":{"line":139,"column":50}},"locations":[{"start":{"line":139,"column":34},"end":{"line":139,"column":50}}]},"7":{"type":"branch","line":19,"loc":{"start":{"line":19,"column":23},"end":{"line":69,"column":4}},"locations":[{"start":{"line":19,"column":23},"end":{"line":69,"column":4}}]},"8":{"type":"branch","line":42,"loc":{"start":{"line":42,"column":6},"end":{"line":49,"column":7}},"locations":[{"start":{"line":42,"column":6},"end":{"line":49,"column":7}}]},"9":{"type":"branch","line":50,"loc":{"start":{"line":50,"column":4},"end":{"line":68,"column":5}},"locations":[{"start":{"line":50,"column":4},"end":{"line":68,"column":5}}]},"10":{"type":"branch","line":51,"loc":{"start":{"line":51,"column":56},"end":{"line":51,"column":70}},"locations":[{"start":{"line":51,"column":56},"end":{"line":51,"column":70}}]},"11":{"type":"branch","line":54,"loc":{"start":{"line":54,"column":16},"end":{"line":54,"column":49}},"locations":[{"start":{"line":54,"column":16},"end":{"line":54,"column":49}}]},"12":{"type":"branch","line":54,"loc":{"start":{"line":54,"column":49},"end":{"line":67,"column":7}},"locations":[{"start":{"line":54,"column":49},"end":{"line":67,"column":7}}]},"13":{"type":"branch","line":60,"loc":{"start":{"line":60,"column":8},"end":{"line":64,"column":9}},"locations":[{"start":{"line":60,"column":8},"end":{"line":64,"column":9}}]},"14":{"type":"branch","line":57,"loc":{"start":{"line":57,"column":17},"end":{"line":57,"column":41}},"locations":[{"start":{"line":57,"column":17},"end":{"line":57,"column":41}}]},"15":{"type":"branch","line":90,"loc":{"start":{"line":90,"column":26},"end":{"line":90,"column":62}},"locations":[{"start":{"line":90,"column":26},"end":{"line":90,"column":62}}]},"16":{"type":"branch","line":103,"loc":{"start":{"line":103,"column":26},"end":{"line":103,"column":61}},"locations":[{"start":{"line":103,"column":26},"end":{"line":103,"column":61}}]},"17":{"type":"branch","line":116,"loc":{"start":{"line":116,"column":26},"end":{"line":116,"column":58}},"locations":[{"start":{"line":116,"column":26},"end":{"line":116,"column":58}}]},"18":{"type":"branch","line":130,"loc":{"start":{"line":130,"column":28},"end":{"line":130,"column":63}},"locations":[{"start":{"line":130,"column":28},"end":{"line":130,"column":63}}]},"19":{"type":"branch","line":136,"loc":{"start":{"line":136,"column":27},"end":{"line":136,"column":64}},"locations":[{"start":{"line":136,"column":27},"end":{"line":136,"column":64}}]},"20":{"type":"branch","line":151,"loc":{"start":{"line":151,"column":26},"end":{"line":151,"column":58}},"locations":[{"start":{"line":151,"column":26},"end":{"line":151,"column":58}}]},"21":{"type":"branch","line":164,"loc":{"start":{"line":164,"column":26},"end":{"line":164,"column":64}},"locations":[{"start":{"line":164,"column":26},"end":{"line":164,"column":64}}]},"22":{"type":"branch","line":177,"loc":{"start":{"line":177,"column":26},"end":{"line":177,"column":61}},"locations":[{"start":{"line":177,"column":26},"end":{"line":177,"column":61}}]}},"b":{"0":[33],"1":[2],"2":[1],"3":[1],"4":[32],"5":[1],"6":[32],"7":[3],"8":[1],"9":[2],"10":[1],"11":[1],"12":[1],"13":[0],"14":[1],"15":[3],"16":[3],"17":[3],"18":[3],"19":[1],"20":[3],"21":[3],"22":[3]},"fnMap":{"0":{"name":"Register","decl":{"start":{"line":5,"column":17},"end":{"line":193,"column":2}},"loc":{"start":{"line":5,"column":17},"end":{"line":193,"column":2}},"line":5},"1":{"name":"handleSubmit","decl":{"start":{"line":19,"column":23},"end":{"line":69,"column":4}},"loc":{"start":{"line":19,"column":23},"end":{"line":69,"column":4}},"line":19},"2":{"name":"onChange","decl":{"start":{"line":90,"column":26},"end":{"line":90,"column":62}},"loc":{"start":{"line":90,"column":26},"end":{"line":90,"column":62}},"line":90},"3":{"name":"onChange","decl":{"start":{"line":103,"column":26},"end":{"line":103,"column":61}},"loc":{"start":{"line":103,"column":26},"end":{"line":103,"column":61}},"line":103},"4":{"name":"onChange","decl":{"start":{"line":116,"column":26},"end":{"line":116,"column":58}},"loc":{"start":{"line":116,"column":26},"end":{"line":116,"column":58}},"line":116},"5":{"name":"onChange","decl":{"start":{"line":130,"column":28},"end":{"line":130,"column":63}},"loc":{"start":{"line":130,"column":28},"end":{"line":130,"column":63}},"line":130},"6":{"name":"onClick","decl":{"start":{"line":136,"column":27},"end":{"line":136,"column":64}},"loc":{"start":{"line":136,"column":27},"end":{"line":136,"column":64}},"line":136},"7":{"name":"onChange","decl":{"start":{"line":151,"column":26},"end":{"line":151,"column":58}},"loc":{"start":{"line":151,"column":26},"end":{"line":151,"column":58}},"line":151},"8":{"name":"onChange","decl":{"start":{"line":164,"column":26},"end":{"line":164,"column":64}},"loc":{"start":{"line":164,"column":26},"end":{"line":164,"column":64}},"line":164},"9":{"name":"onChange","decl":{"start":{"line":177,"column":26},"end":{"line":177,"column":61}},"loc":{"start":{"line":177,"column":26},"end":{"line":177,"column":61}},"line":177}},"f":{"0":33,"1":3,"2":3,"3":3,"4":3,"5":3,"6":1,"7":3,"8":3,"9":3}}
,"/Users/kaylytran/Desktop/CertAtheon/Frontend/src/components/changePassword.jsx": {"path":"/Users/kaylytran/Desktop/CertAtheon/Frontend/src/components/changePassword.jsx","all":false,"statementMap":{"0":{"start":{"line":1,"column":0},"end":{"line":1,"column":40}},"1":{"start":{"line":2,"column":0},"end":{"line":2,"column":26}},"2":{"start":{"line":3,"column":0},"end":{"line":3,"column":47}},"4":{"start":{"line":5,"column":0},"end":{"line":5,"column":30}},"5":{"start":{"line":6,"column":0},"end":{"line":6,"column":61}},"6":{"start":{"line":7,"column":0},"end":{"line":7,"column":53}},"7":{"start":{"line":8,"column":0},"end":{"line":8,"column":41}},"8":{"start":{"line":9,"column":0},"end":{"line":9,"column":45}},"9":{"start":{"line":10,"column":0},"end":{"line":10,"column":48}},"10":{"start":{"line":11,"column":0},"end":{"line":11,"column":33}},"11":{"start":{"line":12,"column":0},"end":{"line":12,"column":48}},"13":{"start":{"line":14,"column":0},"end":{"line":14,"column":37}},"14":{"start":{"line":15,"column":0},"end":{"line":15,"column":23}},"15":{"start":{"line":16,"column":0},"end":{"line":16,"column":17}},"16":{"start":{"line":17,"column":0},"end":{"line":17,"column":19}},"18":{"start":{"line":19,"column":0},"end":{"line":19,"column":43}},"19":{"start":{"line":20,"column":0},"end":{"line":20,"column":46}},"20":{"start":{"line":21,"column":0},"end":{"line":21,"column":13}},"21":{"start":{"line":22,"column":0},"end":{"line":22,"column":5}},"23":{"start":{"line":24,"column":0},"end":{"line":24,"column":21}},"25":{"start":{"line":26,"column":0},"end":{"line":26,"column":9}},"26":{"start":{"line":27,"column":0},"end":{"line":27,"column":40}},"27":{"start":{"line":28,"column":0},"end":{"line":28,"column":42}},"28":{"start":{"line":29,"column":0},"end":{"line":29,"column":41}},"29":{"start":{"line":30,"column":0},"end":{"line":30,"column":59}},"30":{"start":{"line":31,"column":0},"end":{"line":31,"column":8}},"32":{"start":{"line":33,"column":0},"end":{"line":33,"column":36}},"33":{"start":{"line":34,"column":0},"end":{"line":34,"column":53}},"34":{"start":{"line":35,"column":0},"end":{"line":35,"column":26}},"35":{"start":{"line":36,"column":0},"end":{"line":36,"column":24}},"36":{"start":{"line":37,"column":0},"end":{"line":37,"column":17}},"37":{"start":{"line":38,"column":0},"end":{"line":38,"column":7}},"38":{"start":{"line":39,"column":0},"end":{"line":39,"column":21}},"39":{"start":{"line":40,"column":0},"end":{"line":40,"column":75}},"40":{"start":{"line":41,"column":0},"end":{"line":41,"column":42}},"41":{"start":{"line":42,"column":0},"end":{"line":42,"column":46}},"42":{"start":{"line":43,"column":0},"end":{"line":43,"column":14}},"43":{"start":{"line":44,"column":0},"end":{"line":44,"column":57}},"44":{"start":{"line":45,"column":0},"end":{"line":45,"column":7}},"45":{"start":{"line":46,"column":0},"end":{"line":46,"column":15}},"46":{"start":{"line":47,"column":0},"end":{"line":47,"column":24}},"47":{"start":{"line":48,"column":0},"end":{"line":48,"column":5}},"48":{"start":{"line":49,"column":0},"end":{"line":49,"column":4}},"50":{"start":{"line":51,"column":0},"end":{"line":51,"column":10}},"51":{"start":{"line":52,"column":0},"end":{"line":52,"column":67}},"52":{"start":{"line":53,"column":0},"end":{"line":53,"column":80}},"53":{"start":{"line":54,"column":0},"end":{"line":54,"column":44}},"54":{"start":{"line":55,"column":0},"end":{"line":55,"column":15}},"55":{"start":{"line":56,"column":0},"end":{"line":56,"column":66}},"56":{"start":{"line":57,"column":0},"end":{"line":57,"column":104}},"57":{"start":{"line":58,"column":0},"end":{"line":58,"column":72}},"58":{"start":{"line":59,"column":0},"end":{"line":59,"column":77}},"59":{"start":{"line":60,"column":0},"end":{"line":60,"column":83}},"60":{"start":{"line":61,"column":0},"end":{"line":61,"column":40}},"61":{"start":{"line":62,"column":0},"end":{"line":62,"column":34}},"62":{"start":{"line":63,"column":0},"end":{"line":63,"column":20}},"63":{"start":{"line":64,"column":0},"end":{"line":64,"column":41}},"64":{"start":{"line":65,"column":0},"end":{"line":65,"column":72}},"65":{"start":{"line":66,"column":0},"end":{"line":66,"column":15}},"67":{"start":{"line":68,"column":0},"end":{"line":68,"column":22}},"68":{"start":{"line":69,"column":0},"end":{"line":69,"column":20}},"69":{"start":{"line":70,"column":0},"end":{"line":70,"column":31}},"70":{"start":{"line":71,"column":0},"end":{"line":71,"column":36}},"71":{"start":{"line":72,"column":0},"end":{"line":72,"column":39}},"72":{"start":{"line":73,"column":0},"end":{"line":73,"column":68}},"73":{"start":{"line":74,"column":0},"end":{"line":74,"column":78}},"74":{"start":{"line":75,"column":0},"end":{"line":75,"column":16}},"75":{"start":{"line":76,"column":0},"end":{"line":76,"column":18}},"76":{"start":{"line":77,"column":0},"end":{"line":77,"column":34}},"77":{"start":{"line":78,"column":0},"end":{"line":78,"column":20}},"78":{"start":{"line":79,"column":0},"end":{"line":79,"column":37}},"79":{"start":{"line":80,"column":0},"end":{"line":80,"column":72}},"80":{"start":{"line":81,"column":0},"end":{"line":81,"column":15}},"82":{"start":{"line":83,"column":0},"end":{"line":83,"column":22}},"83":{"start":{"line":84,"column":0},"end":{"line":84,"column":20}},"84":{"start":{"line":85,"column":0},"end":{"line":85,"column":31}},"85":{"start":{"line":86,"column":0},"end":{"line":86,"column":32}},"86":{"start":{"line":87,"column":0},"end":{"line":87,"column":35}},"87":{"start":{"line":88,"column":0},"end":{"line":88,"column":64}},"88":{"start":{"line":89,"column":0},"end":{"line":89,"column":78}},"89":{"start":{"line":90,"column":0},"end":{"line":90,"column":16}},"90":{"start":{"line":91,"column":0},"end":{"line":91,"column":18}},"91":{"start":{"line":92,"column":0},"end":{"line":92,"column":19}},"92":{"start":{"line":93,"column":0},"end":{"line":93,"column":27}},"93":{"start":{"line":94,"column":0},"end":{"line":94,"column":109}},"94":{"start":{"line":95,"column":0},"end":{"line":95,"column":32}},"96":{"start":{"line":97,"column":0},"end":{"line":97,"column":59}},"97":{"start":{"line":98,"column":0},"end":{"line":98,"column":21}},"98":{"start":{"line":99,"column":0},"end":{"line":99,"column":17}},"99":{"start":{"line":100,"column":0},"end":{"line":100,"column":14}},"100":{"start":{"line":101,"column":0},"end":{"line":101,"column":12}},"101":{"start":{"line":102,"column":0},"end":{"line":102,"column":10}},"103":{"start":{"line":104,"column":0},"end":{"line":104,"column":2}},"105":{"start":{"line":106,"column":0},"end":{"line":106,"column":30}}},"s":{"0":1,"1":1,"2":1,"4":1,"5":17,"6":17,"7":17,"8":17,"9":17,"10":17,"11":17,"13":17,"14":4,"15":4,"16":4,"18":4,"19":1,"20":1,"21":1,"23":3,"25":3,"26":3,"27":3,"28":3,"29":3,"30":3,"32":2,"33":2,"34":2,"35":0,"36":2,"37":2,"38":4,"39":1,"40":1,"41":1,"42":1,"43":0,"44":0,"45":4,"46":3,"47":3,"48":4,"50":17,"51":17,"52":17,"53":17,"54":17,"55":17,"56":17,"57":17,"58":17,"59":17,"60":17,"61":17,"62":17,"63":17,"64":17,"65":17,"67":17,"68":17,"69":17,"70":17,"71":17,"72":17,"73":17,"74":17,"75":17,"76":17,"77":17,"78":17,"79":17,"80":17,"82":17,"83":17,"84":17,"85":17,"86":17,"87":17,"88":17,"89":17,"90":17,"91":17,"92":17,"93":17,"94":17,"96":17,"97":17,"98":17,"99":17,"100":17,"101":17,"103":17,"105":1},"branchMap":{"0":{"type":"branch","line":5,"loc":{"start":{"line":5,"column":23},"end":{"line":104,"column":2}},"locations":[{"start":{"line":5,"column":23},"end":{"line":104,"column":2}}]},"1":{"type":"branch","line":59,"loc":{"start":{"line":59,"column":11},"end":{"line":59,"column":77}},"locations":[{"start":{"line":59,"column":11},"end":{"line":59,"column":77}}]},"2":{"type":"branch","line":60,"loc":{"start":{"line":60,"column":11},"end":{"line":60,"column":83}},"locations":[{"start":{"line":60,"column":11},"end":{"line":60,"column":83}}]},"3":{"type":"branch","line":97,"loc":{"start":{"line":97,"column":15},"end":{"line":97,"column":41}},"locations":[{"start":{"line":97,"column":15},"end":{"line":97,"column":41}}]},"4":{"type":"branch","line":97,"loc":{"start":{"line":97,"column":25},"end":{"line":97,"column":59}},"locations":[{"start":{"line":97,"column":25},"end":{"line":97,"column":59}}]},"5":{"type":"branch","line":14,"loc":{"start":{"line":14,"column":23},"end":{"line":49,"column":4}},"locations":[{"start":{"line":14,"column":23},"end":{"line":49,"column":4}}]},"6":{"type":"branch","line":19,"loc":{"start":{"line":19,"column":9},"end":{"line":19,"column":42}},"locations":[{"start":{"line":19,"column":9},"end":{"line":19,"column":42}}]},"7":{"type":"branch","line":19,"loc":{"start":{"line":19,"column":42},"end":{"line":22,"column":5}},"locations":[{"start":{"line":19,"column":42},"end":{"line":22,"column":5}}]},"8":{"type":"branch","line":22,"loc":{"start":{"line":22,"column":4},"end":{"line":31,"column":8}},"locations":[{"start":{"line":22,"column":4},"end":{"line":31,"column":8}}]},"9":{"type":"branch","line":31,"loc":{"start":{"line":31,"column":6},"end":{"line":38,"column":7}},"locations":[{"start":{"line":31,"column":6},"end":{"line":38,"column":7}}]},"10":{"type":"branch","line":39,"loc":{"start":{"line":39,"column":4},"end":{"line":46,"column":6}},"locations":[{"start":{"line":39,"column":4},"end":{"line":46,"column":6}}]},"11":{"type":"branch","line":43,"loc":{"start":{"line":43,"column":6},"end":{"line":45,"column":7}},"locations":[{"start":{"line":43,"column":6},"end":{"line":45,"column":7}}]},"12":{"type":"branch","line":46,"loc":{"start":{"line":46,"column":4},"end":{"line":48,"column":5}},"locations":[{"start":{"line":46,"column":4},"end":{"line":48,"column":5}}]},"13":{"type":"branch","line":73,"loc":{"start":{"line":73,"column":26},"end":{"line":73,"column":68}},"locations":[{"start":{"line":73,"column":26},"end":{"line":73,"column":68}}]},"14":{"type":"branch","line":88,"loc":{"start":{"line":88,"column":26},"end":{"line":88,"column":64}},"locations":[{"start":{"line":88,"column":26},"end":{"line":88,"column":64}}]}},"b":{"0":[17],"1":[2],"2":[1],"3":[3],"4":[14],"5":[4],"6":[3],"7":[1],"8":[3],"9":[2],"10":[1],"11":[0],"12":[3],"13":[3],"14":[3]},"fnMap":{"0":{"name":"ChangePassword","decl":{"start":{"line":5,"column":23},"end":{"line":104,"column":2}},"loc":{"start":{"line":5,"column":23},"end":{"line":104,"column":2}},"line":5},"1":{"name":"handleSubmit","decl":{"start":{"line":14,"column":23},"end":{"line":49,"column":4}},"loc":{"start":{"line":14,"column":23},"end":{"line":49,"column":4}},"line":14},"2":{"name":"onChange","decl":{"start":{"line":73,"column":26},"end":{"line":73,"column":68}},"loc":{"start":{"line":73,"column":26},"end":{"line":73,"column":68}},"line":73},"3":{"name":"onChange","decl":{"start":{"line":88,"column":26},"end":{"line":88,"column":64}},"loc":{"start":{"line":88,"column":26},"end":{"line":88,"column":64}},"line":88}},"f":{"0":17,"1":4,"2":3,"3":3}}
}
