TN:
SF:postcss.config.js
FN:1,(empty-report)
FNF:1
FNH:0
FNDA:0,(empty-report)
DA:1,0
DA:2,0
DA:3,0
DA:4,0
DA:5,0
DA:6,0
LF:6
LH:0
BRDA:1,0,0,0
BRF:1
BRH:0
end_of_record
TN:
SF:tailwind.config.js
FN:1,(empty-report)
FNF:1
FNH:0
FNDA:0,(empty-report)
DA:1,0
DA:2,0
DA:3,0
DA:4,0
DA:5,0
DA:6,0
DA:7,0
DA:8,0
DA:9,0
DA:10,0
DA:11,0
LF:11
LH:0
BRDA:1,0,0,0
BRF:1
BRH:0
end_of_record
TN:
SF:src/App.jsx
FN:1,(empty-report)
FNF:1
FNH:0
FNDA:0,(empty-report)
DA:1,0
DA:2,0
DA:3,0
DA:4,0
DA:5,0
DA:6,0
DA:7,0
DA:8,0
DA:9,0
DA:10,0
DA:13,0
DA:14,0
DA:15,0
DA:16,0
DA:17,0
DA:18,0
DA:19,0
DA:20,0
DA:21,0
DA:22,0
DA:23,0
DA:24,0
DA:27,0
DA:28,0
DA:29,0
DA:30,0
DA:32,0
DA:33,0
DA:34,0
DA:35,0
DA:36,0
DA:37,0
DA:39,0
DA:41,0
DA:42,0
DA:43,0
DA:44,0
DA:45,0
DA:46,0
DA:48,0
DA:49,0
DA:50,0
DA:51,0
DA:52,0
DA:53,0
DA:54,0
DA:55,0
DA:56,0
DA:57,0
DA:58,0
DA:59,0
DA:61,0
DA:63,0
LF:53
LH:0
BRDA:1,0,0,0
BRF:1
BRH:0
end_of_record
TN:
SF:src/main.jsx
FN:1,(empty-report)
FNF:1
FNH:0
FNDA:0,(empty-report)
DA:1,0
DA:2,0
DA:3,0
DA:4,0
DA:6,0
DA:7,0
DA:8,0
DA:9,0
DA:10,0
LF:9
LH:0
BRDA:1,0,0,0
BRF:1
BRH:0
end_of_record
TN:
SF:src/components/AdminPage.jsx
FN:7,AdminPage
FN:54,fetchProfilePicture
FN:86,fetchDashboardData
FN:152,handleSearch
FN:163,applySearch
FN:204,handleSearchKeyPress
FN:211,getCurrentItems
FN:218,handlePageChange
FN:223,handleItemsPerPageChange
FN:230,handleInputChange
FN:239,handleAddEmployee
FN:341,handleYearSubmit
FN:389,handleFileUpload
FN:394,handleCertFeedFileUpload
FN:406,onClick
FN:417,onClick
FN:423,onClick
FN:440,onClick
FN:467,onChange
FN:503,onClick
FN:509,onClick
FN:518,onClick
FN:542,onClick
FN:606,onClick
FN:638,onClick
FN:645,onClick
FN:697,onClick
FN:704,onClick
FN:813,onClick
FN:824,onClick
FN:863,onClick
FN:873,onClick
FN:921,onClick
FN:931,onClick
FNF:34
FNH:7
FNDA:16,AdminPage
FNDA:0,fetchProfilePicture
FNDA:4,fetchDashboardData
FNDA:0,handleSearch
FNDA:0,applySearch
FNDA:0,handleSearchKeyPress
FNDA:8,getCurrentItems
FNDA:0,handlePageChange
FNDA:0,handleItemsPerPageChange
FNDA:0,handleInputChange
FNDA:0,handleAddEmployee
FNDA:0,handleYearSubmit
FNDA:0,handleFileUpload
FNDA:0,handleCertFeedFileUpload
FNDA:0,onClick
FNDA:1,onClick
FNDA:1,onClick
FNDA:0,onClick
FNDA:0,onChange
FNDA:1,onClick
FNDA:0,onClick
FNDA:0,onClick
FNDA:0,onClick
FNDA:1,onClick
FNDA:0,onClick
FNDA:0,onClick
FNDA:0,onClick
FNDA:0,onClick
FNDA:0,onClick
FNDA:0,onClick
FNDA:0,onClick
FNDA:0,onClick
FNDA:0,onClick
FNDA:0,onClick
DA:1,1
DA:2,1
DA:3,1
DA:4,1
DA:7,1
DA:8,16
DA:9,16
DA:10,16
DA:13,16
DA:14,16
DA:15,16
DA:16,16
DA:17,16
DA:18,16
DA:19,16
DA:20,16
DA:21,16
DA:22,16
DA:23,16
DA:24,16
DA:25,16
DA:26,16
DA:27,16
DA:30,16
DA:33,16
DA:34,16
DA:35,16
DA:37,16
DA:38,16
DA:39,16
DA:40,16
DA:41,16
DA:42,16
DA:43,16
DA:44,16
DA:45,16
DA:46,16
DA:47,16
DA:48,16
DA:49,16
DA:50,16
DA:53,16
DA:54,4
DA:55,0
DA:56,0
DA:57,0
DA:58,0
DA:59,0
DA:60,0
DA:61,0
DA:62,0
DA:63,0
DA:64,0
DA:65,0
DA:66,0
DA:67,0
DA:68,0
DA:69,0
DA:70,0
DA:72,4
DA:73,4
DA:74,4
DA:75,4
DA:76,0
DA:77,0
DA:79,4
DA:80,4
DA:81,4
DA:82,16
DA:85,16
DA:86,4
DA:87,4
DA:88,4
DA:89,4
DA:90,4
DA:91,4
DA:94,4
DA:95,4
DA:96,4
DA:97,4
DA:98,4
DA:99,4
DA:102,4
DA:103,4
DA:105,0
DA:106,0
DA:107,0
DA:108,0
DA:109,4
DA:111,4
DA:114,4
DA:116,4
DA:118,4
DA:119,4
DA:120,4
DA:121,4
DA:122,1
DA:123,1
DA:124,1
DA:125,1
DA:126,1
DA:127,1
DA:128,4
DA:129,4
DA:130,4
DA:131,4
DA:132,4
DA:133,4
DA:135,4
DA:136,16
DA:139,16
DA:140,7
DA:141,7
DA:142,7
DA:145,7
DA:146,0
DA:147,0
DA:148,7
DA:149,16
DA:152,16
DA:153,0
DA:154,0
DA:157,0
DA:158,0
DA:159,0
DA:160,0
DA:163,16
DA:164,0
DA:165,0
DA:168,0
DA:169,0
DA:170,0
DA:171,0
DA:172,0
DA:175,0
DA:176,0
DA:179,0
DA:180,0
DA:183,0
DA:184,0
DA:185,0
DA:187,0
DA:190,0
DA:191,0
DA:192,0
DA:193,0
DA:195,0
DA:196,0
DA:199,0
DA:200,0
DA:201,0
DA:204,16
DA:205,0
DA:206,0
DA:207,0
DA:208,0
DA:211,16
DA:212,8
DA:213,8
DA:214,8
DA:215,8
DA:218,16
DA:219,0
DA:220,0
DA:223,16
DA:224,0
DA:225,0
DA:226,0
DA:227,0
DA:230,16
DA:231,0
DA:232,0
DA:233,0
DA:234,0
DA:235,0
DA:236,0
DA:239,16
DA:240,0
DA:242,0
DA:245,0
DA:246,0
DA:247,0
DA:248,0
DA:250,0
DA:251,0
DA:252,0
DA:253,0
DA:256,0
DA:257,0
DA:258,0
DA:259,0
DA:260,0
DA:262,0
DA:263,0
DA:264,0
DA:265,0
DA:268,0
DA:269,0
DA:270,0
DA:271,0
DA:272,0
DA:275,0
DA:276,0
DA:277,0
DA:278,0
DA:280,0
DA:281,0
DA:282,0
DA:283,0
DA:285,0
DA:286,0
DA:287,0
DA:288,0
DA:289,0
DA:290,0
DA:291,0
DA:292,0
DA:293,0
DA:294,0
DA:295,0
DA:296,0
DA:297,0
DA:298,0
DA:299,0
DA:300,0
DA:302,0
DA:303,0
DA:304,0
DA:305,0
DA:307,0
DA:308,0
DA:311,0
DA:312,0
DA:313,0
DA:315,0
DA:316,0
DA:317,0
DA:320,0
DA:321,0
DA:322,0
DA:323,0
DA:324,0
DA:325,0
DA:326,0
DA:328,0
DA:330,0
DA:331,0
DA:332,0
DA:333,0
DA:334,0
DA:335,0
DA:336,0
DA:337,0
DA:338,0
DA:341,16
DA:342,0
DA:343,0
DA:344,0
DA:345,0
DA:346,0
DA:348,0
DA:349,0
DA:350,0
DA:351,0
DA:352,0
DA:353,0
DA:356,0
DA:357,0
DA:358,0
DA:359,0
DA:360,0
DA:361,0
DA:362,0
DA:364,0
DA:367,0
DA:368,0
DA:369,0
DA:370,0
DA:372,0
DA:373,0
DA:374,0
DA:375,0
DA:376,0
DA:377,0
DA:378,0
DA:379,0
DA:380,0
DA:381,0
DA:382,0
DA:383,0
DA:384,0
DA:385,0
DA:386,0
DA:389,16
DA:390,0
DA:391,0
DA:392,0
DA:394,16
DA:395,0
DA:396,0
DA:397,0
DA:400,16
DA:401,16
DA:402,16
DA:403,16
DA:404,16
DA:405,16
DA:406,16
DA:407,16
DA:409,16
DA:410,16
DA:411,16
DA:412,16
DA:413,16
DA:414,16
DA:415,16
DA:416,16
DA:417,16
DA:418,16
DA:419,16
DA:420,16
DA:421,16
DA:422,16
DA:423,16
DA:424,1
DA:425,1
DA:426,1
DA:427,16
DA:429,16
DA:430,16
DA:431,16
DA:433,16
DA:435,16
DA:436,0
DA:437,0
DA:438,0
DA:439,0
DA:440,0
DA:441,0
DA:443,0
DA:444,0
DA:448,16
DA:449,16
DA:450,16
DA:451,16
DA:452,16
DA:453,16
DA:454,16
DA:455,16
DA:456,16
DA:457,16
DA:458,16
DA:461,16
DA:462,16
DA:463,16
DA:464,16
DA:465,16
DA:466,16
DA:467,16
DA:468,16
DA:469,16
DA:470,16
DA:471,16
DA:472,16
DA:473,16
DA:474,16
DA:476,16
DA:477,16
DA:479,16
DA:480,16
DA:481,16
DA:482,16
DA:483,16
DA:484,16
DA:485,16
DA:486,16
DA:487,16
DA:488,16
DA:489,16
DA:490,16
DA:491,16
DA:493,16
DA:494,16
DA:495,16
DA:496,16
DA:499,16
DA:500,16
DA:501,16
DA:502,16
DA:503,16
DA:504,16
DA:505,16
DA:507,16
DA:508,16
DA:509,16
DA:510,0
DA:511,0
DA:512,0
DA:513,16
DA:514,16
DA:516,16
DA:517,16
DA:518,16
DA:519,0
DA:520,0
DA:521,0
DA:522,0
DA:523,0
DA:525,0
DA:526,0
DA:527,0
DA:528,0
DA:529,0
DA:530,0
DA:531,0
DA:532,0
DA:533,0
DA:534,0
DA:535,0
DA:536,0
DA:537,16
DA:538,16
DA:540,16
DA:541,16
DA:542,16
DA:543,0
DA:544,0
DA:545,0
DA:546,16
DA:547,16
DA:549,16
DA:550,16
DA:551,16
DA:554,16
DA:555,1
DA:556,1
DA:557,1
DA:558,1
DA:559,1
DA:560,1
DA:561,1
DA:562,1
DA:563,1
DA:564,1
DA:565,1
DA:566,1
DA:567,1
DA:568,1
DA:569,1
DA:570,1
DA:571,1
DA:572,1
DA:573,1
DA:574,1
DA:575,1
DA:576,1
DA:577,1
DA:578,1
DA:579,1
DA:580,1
DA:581,1
DA:582,1
DA:583,1
DA:584,1
DA:585,1
DA:586,1
DA:587,1
DA:588,1
DA:589,1
DA:590,1
DA:591,1
DA:592,1
DA:593,1
DA:594,1
DA:595,1
DA:596,1
DA:597,1
DA:598,1
DA:599,1
DA:600,1
DA:601,1
DA:602,1
DA:603,1
DA:604,1
DA:605,1
DA:606,1
DA:607,1
DA:608,1
DA:610,1
DA:611,1
DA:612,1
DA:613,1
DA:614,1
DA:616,1
DA:617,1
DA:618,1
DA:619,1
DA:620,1
DA:624,16
DA:625,0
DA:626,0
DA:627,0
DA:628,0
DA:629,0
DA:630,0
DA:631,0
DA:632,0
DA:633,0
DA:634,0
DA:635,0
DA:636,0
DA:637,0
DA:638,0
DA:639,0
DA:640,0
DA:642,0
DA:643,0
DA:644,0
DA:645,0
DA:646,0
DA:647,0
DA:648,0
DA:649,0
DA:652,0
DA:653,0
DA:654,0
DA:655,0
DA:656,0
DA:657,0
DA:659,0
DA:660,0
DA:663,0
DA:664,0
DA:665,0
DA:666,0
DA:667,0
DA:668,0
DA:669,0
DA:670,0
DA:671,0
DA:672,0
DA:673,0
DA:674,0
DA:676,0
DA:677,0
DA:678,0
DA:679,0
DA:683,16
DA:684,0
DA:685,0
DA:686,0
DA:687,0
DA:688,0
DA:689,0
DA:690,0
DA:691,0
DA:692,0
DA:693,0
DA:694,0
DA:695,0
DA:696,0
DA:697,0
DA:698,0
DA:699,0
DA:701,0
DA:702,0
DA:703,0
DA:704,0
DA:705,0
DA:706,0
DA:707,0
DA:708,0
DA:711,0
DA:712,0
DA:713,0
DA:714,0
DA:715,0
DA:716,0
DA:718,0
DA:719,0
DA:722,0
DA:723,0
DA:724,0
DA:725,0
DA:726,0
DA:727,0
DA:728,0
DA:729,0
DA:730,0
DA:731,0
DA:732,0
DA:733,0
DA:735,0
DA:736,0
DA:737,0
DA:738,0
DA:742,16
DA:743,16
DA:744,16
DA:745,16
DA:746,16
DA:747,16
DA:748,16
DA:749,16
DA:750,16
DA:751,16
DA:752,16
DA:753,16
DA:754,16
DA:755,16
DA:756,16
DA:757,16
DA:758,16
DA:759,16
DA:760,8
DA:761,8
DA:763,8
DA:764,8
DA:765,8
DA:766,0
DA:767,0
DA:768,0
DA:769,0
DA:770,0
DA:771,0
DA:772,0
DA:773,0
DA:774,0
DA:775,0
DA:776,0
DA:777,0
DA:778,0
DA:779,0
DA:780,0
DA:781,0
DA:782,0
DA:783,0
DA:785,0
DA:786,0
DA:787,0
DA:788,0
DA:789,0
DA:790,0
DA:792,0
DA:793,0
DA:794,0
DA:795,0
DA:796,0
DA:798,8
DA:799,8
DA:800,8
DA:801,8
DA:802,8
DA:804,16
DA:805,16
DA:806,16
DA:809,16
DA:810,0
DA:811,0
DA:812,0
DA:813,0
DA:814,0
DA:815,0
DA:816,0
DA:817,0
DA:818,0
DA:819,0
DA:820,0
DA:822,0
DA:823,0
DA:824,0
DA:825,0
DA:826,0
DA:827,0
DA:828,0
DA:829,0
DA:830,0
DA:831,0
DA:833,0
DA:834,0
DA:835,0
DA:836,0
DA:837,0
DA:838,0
DA:839,0
DA:840,0
DA:841,0
DA:842,0
DA:843,0
DA:844,0
DA:845,0
DA:846,0
DA:847,0
DA:848,0
DA:849,0
DA:850,0
DA:851,0
DA:852,0
DA:853,0
DA:855,0
DA:856,0
DA:857,0
DA:858,0
DA:859,0
DA:860,0
DA:861,0
DA:862,0
DA:863,0
DA:864,0
DA:865,0
DA:866,0
DA:867,0
DA:869,0
DA:870,0
DA:871,0
DA:872,0
DA:873,0
DA:874,0
DA:875,0
DA:876,0
DA:877,0
DA:879,0
DA:880,0
DA:881,0
DA:884,0
DA:885,0
DA:886,0
DA:887,0
DA:888,0
DA:889,0
DA:890,0
DA:891,0
DA:892,0
DA:893,0
DA:894,0
DA:895,0
DA:896,0
DA:897,0
DA:898,0
DA:899,0
DA:901,0
DA:902,0
DA:904,0
DA:905,0
DA:906,0
DA:907,0
DA:908,0
DA:909,0
DA:910,0
DA:911,0
DA:912,0
DA:914,0
DA:916,0
DA:917,0
DA:918,0
DA:920,0
DA:921,0
DA:922,0
DA:923,0
DA:924,0
DA:925,0
DA:927,0
DA:928,0
DA:929,0
DA:930,0
DA:931,0
DA:932,0
DA:933,0
DA:934,0
DA:935,0
DA:937,0
DA:938,0
DA:939,0
DA:940,0
DA:941,0
DA:942,0
DA:943,0
DA:945,16
DA:946,16
DA:947,16
DA:949,16
DA:951,1
LF:782
LH:315
BRDA:7,0,0,16
BRDA:47,1,0,0
BRDA:48,2,0,0
BRDA:49,3,0,0
BRDA:435,4,0,0
BRDA:554,5,0,1
BRDA:624,6,0,0
BRDA:683,7,0,0
BRDA:759,8,0,8
BRDA:764,9,0,8
BRDA:765,10,0,0
BRDA:800,11,0,0
BRDA:809,12,0,0
BRDA:53,13,0,4
BRDA:75,14,0,0
BRDA:79,15,0,4
BRDA:85,16,0,4
BRDA:86,17,0,4
BRDA:95,18,0,0
BRDA:96,19,0,3
BRDA:97,20,0,3
BRDA:98,21,0,3
BRDA:99,22,0,2
BRDA:121,23,0,1
BRDA:139,24,0,7
BRDA:145,25,0,0
BRDA:211,26,0,8
BRDA:417,27,0,1
BRDA:423,28,0,1
BRDA:503,29,0,1
BRDA:606,30,0,1
BRF:31
BRH:19
end_of_record
TN:
SF:src/components/CertificateCatalog.jsx
FN:5,CertificateCatalog
FN:63,fetchCatalogData
FN:114,fetchProfilePicture
FN:165,handleLevelFilterChange
FN:170,handleCategoryFilterChange
FN:176,applyFilters
FN:194,resetFilters
FN:201,getCurrentItems
FN:208,handlePageChange
FN:213,handleItemsPerPageChange
FN:219,handleInputChange
FN:236,validateCertificateForm
FN:293,handleAddCertificate
FN:364,navigateToHome
FN:365,navigateToDashboard
FN:366,navigateToProfile
FN:413,onClick
FN:427,onClick
FN:441,onClick
FN:559,onClick
FN:570,onClick
FN:609,onClick
FN:619,onClick
FN:669,onClick
FN:679,onClick
FN:788,onClick
FNF:26
FNH:5
FNDA:7,CertificateCatalog
FNDA:2,fetchCatalogData
FNDA:2,fetchProfilePicture
FNDA:0,handleLevelFilterChange
FNDA:0,handleCategoryFilterChange
FNDA:2,applyFilters
FNDA:0,resetFilters
FNDA:1,getCurrentItems
FNDA:0,handlePageChange
FNDA:0,handleItemsPerPageChange
FNDA:0,handleInputChange
FNDA:0,validateCertificateForm
FNDA:0,handleAddCertificate
FNDA:0,navigateToHome
FNDA:0,navigateToDashboard
FNDA:0,navigateToProfile
FNDA:0,onClick
FNDA:0,onClick
FNDA:0,onClick
FNDA:0,onClick
FNDA:0,onClick
FNDA:0,onClick
FNDA:0,onClick
FNDA:0,onClick
FNDA:0,onClick
FNDA:0,onClick
DA:1,1
DA:2,1
DA:3,1
DA:5,1
DA:6,7
DA:7,7
DA:8,7
DA:11,7
DA:14,7
DA:15,7
DA:16,7
DA:17,7
DA:18,7
DA:21,7
DA:22,7
DA:23,7
DA:24,7
DA:27,7
DA:28,7
DA:29,7
DA:32,7
DA:33,7
DA:34,7
DA:35,7
DA:36,7
DA:37,7
DA:38,7
DA:41,7
DA:44,7
DA:47,7
DA:48,7
DA:49,7
DA:50,7
DA:51,7
DA:52,7
DA:55,7
DA:56,2
DA:57,2
DA:58,2
DA:59,7
DA:62,7
DA:63,2
DA:64,2
DA:65,2
DA:69,2
DA:70,2
DA:71,2
DA:72,2
DA:73,2
DA:74,2
DA:75,2
DA:77,2
DA:78,2
DA:81,2
DA:82,2
DA:83,0
DA:84,0
DA:85,0
DA:86,0
DA:87,2
DA:89,2
DA:91,2
DA:94,2
DA:95,2
DA:97,2
DA:98,2
DA:100,2
DA:101,2
DA:102,2
DA:103,2
DA:104,2
DA:105,2
DA:106,2
DA:107,2
DA:108,2
DA:109,2
DA:110,2
DA:111,2
DA:112,2
DA:114,2
DA:115,2
DA:116,2
DA:117,2
DA:118,2
DA:120,1
DA:121,1
DA:122,1
DA:123,0
DA:124,0
DA:125,0
DA:126,0
DA:127,0
DA:128,0
DA:129,1
DA:130,2
DA:131,2
DA:132,2
DA:133,2
DA:135,2
DA:136,2
DA:137,0
DA:138,2
DA:139,2
DA:140,2
DA:142,2
DA:143,7
DA:145,7
DA:146,2
DA:147,2
DA:148,2
DA:149,7
DA:152,7
DA:153,4
DA:154,4
DA:155,4
DA:158,4
DA:159,0
DA:160,0
DA:161,4
DA:162,7
DA:165,7
DA:166,0
DA:167,0
DA:168,0
DA:170,7
DA:171,0
DA:172,0
DA:173,0
DA:176,7
DA:177,2
DA:180,2
DA:181,0
DA:182,0
DA:185,2
DA:186,0
DA:187,0
DA:189,2
DA:190,2
DA:191,2
DA:194,7
DA:195,0
DA:196,0
DA:197,0
DA:198,0
DA:201,7
DA:202,1
DA:203,1
DA:204,1
DA:205,1
DA:208,7
DA:209,0
DA:210,0
DA:213,7
DA:214,0
DA:215,0
DA:216,0
DA:219,7
DA:220,0
DA:221,0
DA:222,0
DA:223,0
DA:224,0
DA:227,0
DA:228,0
DA:229,0
DA:230,0
DA:231,0
DA:232,0
DA:233,0
DA:236,7
DA:237,0
DA:238,0
DA:239,0
DA:240,0
DA:241,0
DA:242,0
DA:243,0
DA:246,0
DA:247,0
DA:248,0
DA:249,0
DA:250,0
DA:251,0
DA:252,0
DA:255,0
DA:256,0
DA:257,0
DA:258,0
DA:259,0
DA:260,0
DA:263,0
DA:264,0
DA:265,0
DA:266,0
DA:267,0
DA:268,0
DA:269,0
DA:270,0
DA:273,0
DA:274,0
DA:275,0
DA:276,0
DA:277,0
DA:280,0
DA:281,0
DA:282,0
DA:283,0
DA:284,0
DA:285,0
DA:286,0
DA:288,0
DA:289,0
DA:290,0
DA:293,7
DA:294,0
DA:297,0
DA:298,0
DA:299,0
DA:301,0
DA:302,0
DA:303,0
DA:304,0
DA:305,0
DA:306,0
DA:307,0
DA:308,0
DA:309,0
DA:310,0
DA:311,0
DA:312,0
DA:314,0
DA:315,0
DA:318,0
DA:319,0
DA:320,0
DA:321,0
DA:322,0
DA:323,0
DA:324,0
DA:327,0
DA:330,0
DA:331,0
DA:332,0
DA:333,0
DA:334,0
DA:335,0
DA:336,0
DA:338,0
DA:339,0
DA:342,0
DA:343,0
DA:344,0
DA:346,0
DA:347,0
DA:348,0
DA:351,0
DA:352,0
DA:353,0
DA:354,0
DA:355,0
DA:356,0
DA:357,0
DA:358,0
DA:359,0
DA:360,0
DA:361,0
DA:364,7
DA:365,7
DA:366,7
DA:369,7
DA:370,7
DA:371,7
DA:372,7
DA:373,7
DA:374,7
DA:376,7
DA:377,7
DA:379,7
DA:380,7
DA:381,7
DA:382,7
DA:383,7
DA:384,7
DA:386,7
DA:387,7
DA:388,7
DA:389,7
DA:390,7
DA:391,7
DA:393,7
DA:395,7
DA:396,7
DA:397,7
DA:399,7
DA:400,7
DA:401,7
DA:402,7
DA:403,7
DA:404,7
DA:405,7
DA:406,7
DA:407,7
DA:408,7
DA:409,7
DA:410,7
DA:411,7
DA:412,7
DA:413,7
DA:414,7
DA:416,7
DA:417,7
DA:418,7
DA:421,7
DA:422,7
DA:423,7
DA:424,7
DA:425,7
DA:426,0
DA:427,0
DA:428,0
DA:429,0
DA:431,0
DA:433,7
DA:436,7
DA:437,1
DA:438,1
DA:439,1
DA:440,1
DA:441,1
DA:442,1
DA:444,1
DA:445,1
DA:449,7
DA:450,7
DA:452,7
DA:453,7
DA:455,7
DA:456,7
DA:457,7
DA:458,7
DA:459,7
DA:461,7
DA:462,7
DA:463,0
DA:464,0
DA:465,0
DA:466,7
DA:467,7
DA:468,7
DA:471,7
DA:472,7
DA:474,7
DA:475,7
DA:476,7
DA:477,7
DA:478,7
DA:480,7
DA:481,7
DA:482,0
DA:483,0
DA:484,0
DA:485,7
DA:486,7
DA:487,7
DA:490,7
DA:491,7
DA:492,7
DA:493,7
DA:494,7
DA:496,7
DA:497,7
DA:498,7
DA:499,7
DA:501,7
DA:502,6
DA:503,6
DA:504,6
DA:506,1
DA:507,1
DA:508,1
DA:509,1
DA:510,1
DA:512,1
DA:513,1
DA:515,1
DA:516,1
DA:518,1
DA:519,1
DA:521,1
DA:522,1
DA:523,1
DA:524,1
DA:525,1
DA:526,0
DA:527,0
DA:528,0
DA:529,0
DA:530,0
DA:531,0
DA:532,0
DA:533,0
DA:534,0
DA:535,0
DA:536,0
DA:537,0
DA:538,0
DA:539,0
DA:540,0
DA:541,0
DA:543,1
DA:544,1
DA:545,1
DA:546,0
DA:547,1
DA:548,1
DA:549,1
DA:551,1
DA:552,1
DA:555,1
DA:556,0
DA:557,0
DA:558,0
DA:559,0
DA:560,0
DA:561,0
DA:562,0
DA:563,0
DA:564,0
DA:565,0
DA:566,0
DA:568,0
DA:569,0
DA:570,0
DA:571,0
DA:572,0
DA:573,0
DA:574,0
DA:575,0
DA:576,0
DA:577,0
DA:579,0
DA:580,0
DA:581,0
DA:582,0
DA:583,0
DA:584,0
DA:585,0
DA:586,0
DA:587,0
DA:588,0
DA:589,0
DA:590,0
DA:591,0
DA:592,0
DA:593,0
DA:594,0
DA:595,0
DA:596,0
DA:597,0
DA:598,0
DA:599,0
DA:601,0
DA:602,0
DA:603,0
DA:604,0
DA:605,0
DA:606,0
DA:607,0
DA:608,0
DA:609,0
DA:610,0
DA:611,0
DA:612,0
DA:613,0
DA:615,0
DA:616,0
DA:617,0
DA:618,0
DA:619,0
DA:620,0
DA:621,0
DA:622,0
DA:623,0
DA:625,0
DA:626,0
DA:627,0
DA:630,0
DA:631,0
DA:633,0
DA:634,0
DA:635,0
DA:636,0
DA:637,0
DA:638,0
DA:639,0
DA:640,0
DA:641,0
DA:642,0
DA:643,0
DA:644,0
DA:645,0
DA:646,0
DA:648,0
DA:649,0
DA:651,0
DA:652,0
DA:653,0
DA:654,0
DA:656,0
DA:657,0
DA:658,0
DA:659,0
DA:660,0
DA:662,0
DA:664,0
DA:665,0
DA:666,0
DA:668,0
DA:669,0
DA:670,0
DA:671,0
DA:672,0
DA:673,0
DA:675,0
DA:676,0
DA:677,0
DA:678,0
DA:679,0
DA:680,0
DA:681,0
DA:682,0
DA:683,0
DA:685,0
DA:686,0
DA:687,0
DA:688,0
DA:689,0
DA:690,0
DA:691,0
DA:693,1
DA:695,7
DA:696,7
DA:699,7
DA:700,0
DA:701,0
DA:702,0
DA:703,0
DA:704,0
DA:705,0
DA:706,0
DA:707,0
DA:708,0
DA:709,0
DA:710,0
DA:711,0
DA:712,0
DA:713,0
DA:714,0
DA:715,0
DA:716,0
DA:717,0
DA:718,0
DA:720,0
DA:721,0
DA:722,0
DA:723,0
DA:724,0
DA:725,0
DA:726,0
DA:727,0
DA:728,0
DA:729,0
DA:730,0
DA:732,0
DA:733,0
DA:734,0
DA:735,0
DA:736,0
DA:737,0
DA:738,0
DA:739,0
DA:740,0
DA:742,0
DA:743,0
DA:744,0
DA:745,0
DA:746,0
DA:747,0
DA:748,0
DA:749,0
DA:750,0
DA:751,0
DA:752,0
DA:754,0
DA:755,0
DA:756,0
DA:757,0
DA:758,0
DA:759,0
DA:760,0
DA:761,0
DA:762,0
DA:764,0
DA:765,0
DA:766,0
DA:767,0
DA:768,0
DA:769,0
DA:770,0
DA:771,0
DA:772,0
DA:773,0
DA:774,0
DA:775,0
DA:776,0
DA:777,0
DA:778,0
DA:780,0
DA:781,0
DA:782,0
DA:783,0
DA:784,0
DA:785,0
DA:786,0
DA:787,0
DA:788,0
DA:789,0
DA:790,0
DA:792,0
DA:793,0
DA:794,0
DA:795,0
DA:796,0
DA:798,0
DA:799,0
DA:800,0
DA:801,0
DA:802,0
DA:804,7
DA:806,7
DA:808,1
LF:641
LH:259
BRDA:5,0,0,7
BRDA:425,1,0,0
BRDA:436,2,0,1
BRDA:501,3,0,6
BRDA:504,4,0,1
BRDA:525,5,0,0
BRDA:545,6,0,0
BRDA:555,7,0,0
BRDA:699,8,0,0
BRDA:55,9,0,2
BRDA:56,10,0,2
BRDA:62,11,0,2
BRDA:136,12,0,0
BRDA:63,13,0,2
BRDA:114,14,0,2
BRDA:118,15,0,1
BRDA:121,16,0,0
BRDA:122,17,0,0
BRDA:145,18,0,2
BRDA:152,19,0,4
BRDA:158,20,0,0
BRDA:176,21,0,2
BRDA:180,22,0,0
BRDA:185,23,0,0
BRDA:201,24,0,1
BRF:25
BRH:14
end_of_record
TN:
SF:src/components/Home.jsx
FN:6,Home
FN:57,navigateToHome
FN:62,navigateToProfile
FN:67,handleLogout
FN:86,getCurrentItems
FN:93,handlePageChange
FN:98,handleItemsPerPageChange
FN:104,fetchCertificates
FN:144,fetchCertificateCatalog
FN:178,fetchProfilePicture
FN:211,handleInputChange
FN:232,handleFileChange
FN:291,handleAddNewSubmit
FN:358,handleEditSubmit
FN:402,handleDeleteCert
FN:456,Modal
FN:485,CertificationForm
FN:579,onClick
FN:586,onClick
FN:617,onClick
FN:630,onClick
FN:753,onClick
FN:764,onClick
FN:803,onClick
FN:813,onClick
FN:863,onClick
FN:873,onClick
FN:895,onClose
FN:909,onClose
FNF:29
FNH:11
FNDA:16,Home
FNDA:0,navigateToHome
FNDA:1,navigateToProfile
FNDA:1,handleLogout
FNDA:10,getCurrentItems
FNDA:0,handlePageChange
FNDA:0,handleItemsPerPageChange
FNDA:6,fetchCertificates
FNDA:6,fetchCertificateCatalog
FNDA:6,fetchProfilePicture
FNDA:0,handleInputChange
FNDA:0,handleFileChange
FNDA:0,handleAddNewSubmit
FNDA:0,handleEditSubmit
FNDA:0,handleDeleteCert
FNDA:26,Modal
FNDA:1,CertificationForm
FNDA:0,onClick
FNDA:0,onClick
FNDA:1,onClick
FNDA:0,onClick
FNDA:0,onClick
FNDA:0,onClick
FNDA:0,onClick
FNDA:0,onClick
FNDA:0,onClick
FNDA:0,onClick
FNDA:1,onClose
FNDA:0,onClose
DA:1,1
DA:2,1
DA:3,1
DA:4,1
DA:6,1
DA:7,16
DA:8,16
DA:9,16
DA:10,16
DA:11,16
DA:12,16
DA:13,16
DA:14,16
DA:15,16
DA:16,16
DA:17,16
DA:18,16
DA:19,16
DA:20,16
DA:21,16
DA:22,16
DA:23,16
DA:24,16
DA:27,16
DA:30,16
DA:33,16
DA:34,16
DA:35,16
DA:37,16
DA:38,16
DA:41,16
DA:43,16
DA:44,16
DA:45,16
DA:46,16
DA:47,16
DA:50,16
DA:51,6
DA:52,6
DA:53,6
DA:54,16
DA:57,16
DA:58,0
DA:59,0
DA:62,16
DA:63,1
DA:64,1
DA:67,16
DA:68,1
DA:69,1
DA:70,1
DA:73,16
DA:74,11
DA:75,11
DA:76,11
DA:79,11
DA:80,0
DA:81,0
DA:82,11
DA:83,16
DA:86,16
DA:87,10
DA:88,10
DA:89,10
DA:90,10
DA:93,16
DA:94,0
DA:95,0
DA:98,16
DA:99,0
DA:100,0
DA:101,0
DA:102,0
DA:104,16
DA:105,6
DA:106,6
DA:107,6
DA:108,6
DA:109,6
DA:111,6
DA:113,6
DA:114,6
DA:116,6
DA:117,0
DA:118,0
DA:119,0
DA:120,0
DA:121,6
DA:123,6
DA:124,6
DA:126,6
DA:127,6
DA:128,6
DA:129,6
DA:130,6
DA:131,6
DA:132,6
DA:133,1
DA:134,1
DA:135,1
DA:136,1
DA:137,6
DA:138,6
DA:139,6
DA:140,6
DA:141,6
DA:142,6
DA:144,16
DA:145,6
DA:146,6
DA:148,6
DA:149,6
DA:152,6
DA:153,6
DA:154,0
DA:155,0
DA:156,0
DA:157,0
DA:158,0
DA:159,0
DA:161,0
DA:162,0
DA:164,0
DA:165,6
DA:166,5
DA:167,5
DA:168,5
DA:169,6
DA:170,6
DA:171,1
DA:172,1
DA:173,1
DA:174,1
DA:175,1
DA:176,6
DA:178,16
DA:179,6
DA:180,6
DA:181,6
DA:182,6
DA:184,5
DA:185,5
DA:186,5
DA:187,0
DA:188,0
DA:189,0
DA:190,0
DA:191,0
DA:192,0
DA:193,5
DA:194,6
DA:195,2
DA:196,2
DA:197,6
DA:199,16
DA:200,6
DA:201,6
DA:202,0
DA:203,6
DA:204,6
DA:205,6
DA:207,6
DA:208,6
DA:209,16
DA:211,16
DA:212,0
DA:215,0
DA:216,0
DA:217,0
DA:218,0
DA:219,0
DA:220,0
DA:221,0
DA:222,0
DA:223,0
DA:224,0
DA:225,0
DA:226,0
DA:227,0
DA:228,0
DA:229,0
DA:230,0
DA:232,16
DA:233,0
DA:234,0
DA:236,0
DA:238,0
DA:239,0
DA:241,0
DA:243,0
DA:244,0
DA:245,0
DA:246,0
DA:247,0
DA:250,0
DA:253,0
DA:254,0
DA:255,0
DA:262,0
DA:263,0
DA:264,0
DA:265,0
DA:266,0
DA:269,0
DA:270,0
DA:271,0
DA:272,0
DA:273,0
DA:274,0
DA:275,0
DA:276,0
DA:277,0
DA:278,0
DA:281,0
DA:282,0
DA:283,0
DA:284,0
DA:285,0
DA:286,0
DA:287,0
DA:288,0
DA:289,0
DA:291,16
DA:292,0
DA:304,0
DA:305,0
DA:306,0
DA:307,0
DA:310,0
DA:311,0
DA:312,0
DA:313,0
DA:314,0
DA:315,0
DA:318,0
DA:320,0
DA:321,0
DA:323,0
DA:324,0
DA:325,0
DA:326,0
DA:327,0
DA:328,0
DA:330,0
DA:331,0
DA:332,0
DA:335,0
DA:336,0
DA:337,0
DA:338,0
DA:339,0
DA:340,0
DA:341,0
DA:342,0
DA:343,0
DA:344,0
DA:345,0
DA:346,0
DA:347,0
DA:349,0
DA:350,0
DA:351,0
DA:352,0
DA:353,0
DA:354,0
DA:355,0
DA:356,0
DA:358,16
DA:359,0
DA:362,0
DA:363,0
DA:364,0
DA:365,0
DA:366,0
DA:368,0
DA:369,0
DA:372,0
DA:373,0
DA:374,0
DA:376,0
DA:377,0
DA:378,0
DA:379,0
DA:382,0
DA:383,0
DA:384,0
DA:385,0
DA:386,0
DA:387,0
DA:388,0
DA:389,0
DA:390,0
DA:391,0
DA:392,0
DA:393,0
DA:394,0
DA:395,0
DA:396,0
DA:397,0
DA:398,0
DA:399,0
DA:400,0
DA:402,16
DA:403,0
DA:404,0
DA:405,0
DA:408,0
DA:409,0
DA:410,0
DA:412,0
DA:413,0
DA:416,0
DA:417,0
DA:418,0
DA:421,0
DA:424,0
DA:425,0
DA:427,0
DA:428,0
DA:429,0
DA:430,0
DA:431,0
DA:432,0
DA:434,0
DA:435,0
DA:438,0
DA:439,0
DA:440,0
DA:441,0
DA:442,0
DA:443,0
DA:444,0
DA:445,0
DA:446,0
DA:447,0
DA:448,0
DA:449,0
DA:450,0
DA:451,0
DA:452,0
DA:453,0
DA:454,0
DA:456,16
DA:457,26
DA:458,1
DA:459,1
DA:460,1
DA:461,1
DA:462,1
DA:463,1
DA:464,1
DA:465,1
DA:466,1
DA:467,1
DA:468,1
DA:469,1
DA:471,1
DA:472,1
DA:473,1
DA:474,1
DA:475,1
DA:477,1
DA:478,1
DA:479,1
DA:480,1
DA:481,1
DA:483,26
DA:485,16
DA:486,1
DA:488,1
DA:489,0
DA:490,0
DA:491,0
DA:493,1
DA:494,1
DA:495,1
DA:497,0
DA:498,0
DA:499,0
DA:500,0
DA:501,0
DA:502,0
DA:503,0
DA:506,1
DA:507,1
DA:508,1
DA:509,1
DA:510,1
DA:511,1
DA:513,1
DA:514,1
DA:515,0
DA:516,0
DA:517,0
DA:518,1
DA:519,1
DA:521,1
DA:522,1
DA:523,1
DA:524,1
DA:525,1
DA:526,1
DA:527,1
DA:528,1
DA:529,1
DA:530,1
DA:531,1
DA:532,1
DA:533,1
DA:534,1
DA:535,1
DA:536,1
DA:537,1
DA:538,1
DA:539,1
DA:540,1
DA:541,1
DA:542,1
DA:543,1
DA:554,1
DA:555,1
DA:556,1
DA:557,1
DA:558,1
DA:559,1
DA:560,1
DA:561,1
DA:562,1
DA:563,1
DA:566,16
DA:567,16
DA:569,16
DA:570,16
DA:571,16
DA:572,16
DA:573,16
DA:574,16
DA:576,16
DA:577,16
DA:578,16
DA:579,16
DA:580,16
DA:582,16
DA:583,16
DA:584,0
DA:585,0
DA:586,0
DA:587,0
DA:589,0
DA:591,16
DA:592,16
DA:593,16
DA:594,16
DA:595,16
DA:596,16
DA:597,16
DA:598,16
DA:599,16
DA:600,16
DA:601,16
DA:602,16
DA:603,16
DA:604,16
DA:605,16
DA:607,16
DA:608,16
DA:609,16
DA:612,16
DA:613,16
DA:614,16
DA:615,16
DA:616,16
DA:617,16
DA:618,16
DA:619,16
DA:621,16
DA:622,16
DA:625,16
DA:626,0
DA:627,0
DA:628,0
DA:629,0
DA:630,0
DA:631,0
DA:633,0
DA:634,0
DA:637,16
DA:638,6
DA:639,6
DA:640,6
DA:642,10
DA:643,10
DA:644,10
DA:645,10
DA:646,10
DA:647,10
DA:649,10
DA:650,10
DA:652,10
DA:653,10
DA:655,10
DA:656,10
DA:658,10
DA:659,10
DA:661,10
DA:663,10
DA:665,10
DA:666,10
DA:667,10
DA:668,10
DA:669,10
DA:670,0
DA:671,0
DA:673,0
DA:674,0
DA:675,0
DA:678,0
DA:679,0
DA:680,0
DA:683,0
DA:685,0
DA:686,0
DA:688,0
DA:691,0
DA:692,0
DA:693,0
DA:696,0
DA:697,0
DA:698,0
DA:699,0
DA:700,0
DA:701,0
DA:702,0
DA:703,0
DA:704,0
DA:705,0
DA:706,0
DA:707,0
DA:708,0
DA:709,0
DA:711,0
DA:712,0
DA:713,0
DA:714,0
DA:715,0
DA:717,0
DA:718,0
DA:721,0
DA:722,0
DA:723,0
DA:724,0
DA:725,0
DA:726,0
DA:727,0
DA:728,0
DA:730,0
DA:732,0
DA:734,0
DA:735,0
DA:736,0
DA:738,10
DA:739,10
DA:741,10
DA:742,10
DA:744,10
DA:745,10
DA:746,10
DA:749,10
DA:750,0
DA:751,0
DA:752,0
DA:753,0
DA:754,0
DA:755,0
DA:756,0
DA:757,0
DA:758,0
DA:759,0
DA:760,0
DA:762,0
DA:763,0
DA:764,0
DA:765,0
DA:766,0
DA:767,0
DA:768,0
DA:769,0
DA:770,0
DA:771,0
DA:773,0
DA:774,0
DA:775,0
DA:776,0
DA:777,0
DA:778,0
DA:779,0
DA:780,0
DA:781,0
DA:782,0
DA:783,0
DA:784,0
DA:785,0
DA:786,0
DA:787,0
DA:788,0
DA:789,0
DA:790,0
DA:791,0
DA:792,0
DA:793,0
DA:795,0
DA:796,0
DA:797,0
DA:798,0
DA:799,0
DA:800,0
DA:801,0
DA:802,0
DA:803,0
DA:804,0
DA:805,0
DA:806,0
DA:807,0
DA:809,0
DA:810,0
DA:811,0
DA:812,0
DA:813,0
DA:814,0
DA:815,0
DA:816,0
DA:817,0
DA:819,0
DA:820,0
DA:821,0
DA:824,0
DA:825,0
DA:827,0
DA:828,0
DA:829,0
DA:830,0
DA:831,0
DA:832,0
DA:833,0
DA:834,0
DA:835,0
DA:836,0
DA:837,0
DA:838,0
DA:839,0
DA:840,0
DA:842,0
DA:843,0
DA:845,0
DA:846,0
DA:847,0
DA:848,0
DA:850,0
DA:851,0
DA:852,0
DA:853,0
DA:854,0
DA:856,0
DA:858,0
DA:859,0
DA:860,0
DA:862,0
DA:863,0
DA:864,0
DA:865,0
DA:866,0
DA:867,0
DA:869,0
DA:870,0
DA:871,0
DA:872,0
DA:873,0
DA:874,0
DA:875,0
DA:876,0
DA:877,0
DA:879,0
DA:880,0
DA:881,0
DA:882,0
DA:883,0
DA:884,0
DA:885,0
DA:887,10
DA:889,16
DA:890,16
DA:893,16
DA:894,16
DA:895,16
DA:896,16
DA:897,16
DA:899,16
DA:900,16
DA:901,16
DA:902,16
DA:903,16
DA:904,16
DA:907,16
DA:908,16
DA:909,16
DA:910,16
DA:911,16
DA:913,16
DA:914,16
DA:915,16
DA:916,16
DA:917,16
DA:918,16
DA:919,16
DA:921,16
DA:923,1
LF:716
LH:318
BRDA:6,0,0,16
BRDA:583,1,0,0
BRDA:625,2,0,0
BRDA:637,3,0,6
BRDA:640,4,0,10
BRDA:669,5,0,0
BRDA:749,6,0,0
BRDA:50,7,0,6
BRDA:51,8,0,6
BRDA:62,9,0,1
BRDA:67,10,0,1
BRDA:73,11,0,11
BRDA:79,12,0,0
BRDA:86,13,0,10
BRDA:104,14,0,6
BRDA:114,15,0,0
BRDA:132,16,0,1
BRDA:144,17,0,6
BRDA:153,18,0,0
BRDA:165,19,0,5
BRDA:170,20,0,1
BRDA:178,21,0,6
BRDA:182,22,0,5
BRDA:185,23,0,4
BRDA:186,24,0,0
BRDA:194,25,0,2
BRDA:199,26,0,6
BRDA:201,27,0,0
BRDA:456,28,0,26
BRDA:457,29,0,25
BRDA:457,30,0,1
BRDA:485,31,0,1
BRDA:488,32,0,0
BRDA:495,33,0,0
BRDA:617,34,0,1
BRDA:895,35,0,1
BRF:36
BRH:25
end_of_record
TN:
SF:src/components/Login.jsx
FN:5,Login
FN:14,handleSubmit
FN:83,onChange
FN:94,onChange
FNF:4
FNH:4
FNDA:191,Login
FNDA:6,handleSubmit
FNDA:109,onChange
FNDA:64,onChange
DA:1,1
DA:2,1
DA:3,1
DA:5,1
DA:6,191
DA:7,191
DA:8,191
DA:9,191
DA:10,191
DA:12,191
DA:14,191
DA:15,6
DA:16,6
DA:17,6
DA:19,6
DA:21,6
DA:23,6
DA:24,6
DA:25,6
DA:26,6
DA:29,3
DA:32,3
DA:35,3
DA:38,3
DA:39,3
DA:40,3
DA:41,3
DA:42,3
DA:45,3
DA:48,6
DA:49,1
DA:50,6
DA:51,1
DA:52,1
DA:53,1
DA:54,1
DA:55,6
DA:56,2
DA:57,1
DA:58,1
DA:59,1
DA:60,1
DA:61,2
DA:62,6
DA:63,5
DA:64,5
DA:65,6
DA:67,191
DA:68,191
DA:69,191
DA:70,191
DA:71,191
DA:72,191
DA:73,191
DA:74,191
DA:75,191
DA:76,191
DA:77,191
DA:78,191
DA:79,191
DA:80,191
DA:81,191
DA:82,191
DA:83,191
DA:84,191
DA:85,191
DA:86,191
DA:87,191
DA:88,191
DA:89,191
DA:90,191
DA:91,191
DA:92,191
DA:93,191
DA:94,191
DA:95,191
DA:96,191
DA:97,191
DA:98,191
DA:99,191
DA:100,191
DA:101,191
DA:102,191
DA:104,191
DA:105,191
DA:106,191
DA:107,191
DA:108,191
DA:109,191
DA:111,191
DA:113,1
LF:91
LH:91
BRDA:5,0,0,191
BRDA:75,1,0,2
BRDA:104,2,0,6
BRDA:104,3,0,185
BRDA:14,4,0,6
BRDA:26,5,0,3
BRDA:48,6,0,1
BRDA:50,7,0,2
BRDA:50,8,0,1
BRDA:55,9,0,2
BRDA:56,10,0,1
BRDA:56,11,0,1
BRDA:62,12,0,5
BRDA:83,13,0,109
BRDA:94,14,0,64
BRF:15
BRH:15
end_of_record
TN:
SF:src/components/Profile.jsx
FN:59,Profile
FN:77,fetchProfile
FN:99,handleLogout
FN:104,handleProfilePhotoUpload
FN:136,handlePasswordChange
FN:141,handlePasswordSubmit
FN:170,onClick
FN:200,onError
FN:246,onClick
FN:261,onClose
FNF:10
FNH:5
FNDA:12,Profile
FNDA:5,fetchProfile
FNDA:1,handleLogout
FNDA:0,handleProfilePhotoUpload
FNDA:0,handlePasswordChange
FNDA:0,handlePasswordSubmit
FNDA:0,onClick
FNDA:0,onError
FNDA:1,onClick
FNDA:1,onClose
DA:1,1
DA:2,1
DA:3,1
DA:6,1
DA:7,12
DA:9,1
DA:10,1
DA:11,1
DA:12,1
DA:13,1
DA:14,1
DA:15,1
DA:16,1
DA:17,1
DA:18,1
DA:19,1
DA:20,1
DA:21,1
DA:22,1
DA:23,1
DA:24,1
DA:25,1
DA:26,1
DA:27,1
DA:28,1
DA:29,1
DA:30,1
DA:31,1
DA:32,1
DA:33,1
DA:34,1
DA:35,1
DA:36,1
DA:37,1
DA:38,1
DA:39,1
DA:40,1
DA:41,1
DA:42,1
DA:43,1
DA:44,1
DA:45,1
DA:46,1
DA:47,1
DA:48,1
DA:49,1
DA:50,1
DA:51,1
DA:52,1
DA:53,1
DA:54,1
DA:55,1
DA:57,1
DA:59,1
DA:60,12
DA:61,12
DA:62,12
DA:64,12
DA:65,12
DA:66,12
DA:67,12
DA:69,12
DA:70,12
DA:71,12
DA:72,12
DA:73,12
DA:74,12
DA:76,12
DA:77,5
DA:78,5
DA:79,5
DA:80,5
DA:81,5
DA:82,3
DA:85,5
DA:86,1
DA:87,1
DA:88,5
DA:89,1
DA:90,1
DA:91,5
DA:92,4
DA:93,4
DA:94,5
DA:96,5
DA:97,12
DA:99,12
DA:100,1
DA:101,1
DA:102,1
DA:104,12
DA:105,0
DA:106,0
DA:108,0
DA:109,0
DA:111,0
DA:112,0
DA:113,0
DA:114,0
DA:115,0
DA:116,0
DA:117,0
DA:118,0
DA:120,0
DA:121,0
DA:124,0
DA:125,0
DA:127,0
DA:128,0
DA:129,0
DA:130,0
DA:131,0
DA:132,0
DA:133,0
DA:134,0
DA:136,12
DA:137,0
DA:138,0
DA:139,0
DA:141,12
DA:142,0
DA:143,0
DA:144,0
DA:145,0
DA:146,0
DA:148,0
DA:149,0
DA:150,0
DA:151,0
DA:152,0
DA:153,0
DA:154,0
DA:155,0
DA:156,0
DA:157,0
DA:158,0
DA:159,0
DA:160,0
DA:161,0
DA:162,0
DA:163,0
DA:164,0
DA:166,12
DA:167,12
DA:169,12
DA:170,12
DA:172,12
DA:173,12
DA:174,12
DA:175,12
DA:176,12
DA:177,12
DA:178,12
DA:179,12
DA:180,12
DA:181,12
DA:182,12
DA:185,12
DA:186,12
DA:188,12
DA:189,5
DA:190,7
DA:191,1
DA:193,6
DA:194,6
DA:195,6
DA:196,6
DA:197,6
DA:198,6
DA:199,6
DA:200,6
DA:201,6
DA:202,6
DA:203,6
DA:204,6
DA:205,6
DA:207,6
DA:208,6
DA:209,6
DA:210,6
DA:211,6
DA:212,6
DA:213,6
DA:214,6
DA:215,6
DA:216,6
DA:217,6
DA:218,6
DA:219,6
DA:220,6
DA:221,6
DA:222,6
DA:223,6
DA:224,6
DA:225,6
DA:226,6
DA:227,6
DA:228,6
DA:229,6
DA:230,6
DA:231,6
DA:232,6
DA:233,6
DA:234,6
DA:235,6
DA:236,6
DA:237,6
DA:238,6
DA:239,6
DA:240,6
DA:241,6
DA:242,6
DA:243,6
DA:244,6
DA:245,6
DA:246,6
DA:247,6
DA:248,6
DA:250,6
DA:251,6
DA:252,6
DA:254,12
DA:256,12
DA:257,12
DA:258,12
DA:259,12
DA:260,12
DA:261,12
DA:262,12
DA:263,12
DA:265,12
DA:267,1
LF:232
LH:183
BRDA:6,0,0,12
BRDA:7,1,0,11
BRDA:7,2,0,1
BRDA:59,3,0,12
BRDA:175,4,0,6
BRDA:175,5,0,11
BRDA:179,6,0,6
BRDA:179,7,0,6
BRDA:188,8,0,5
BRDA:189,9,0,7
BRDA:190,10,0,1
BRDA:191,11,0,6
BRDA:197,12,0,5
BRDA:221,13,0,0
BRDA:225,14,0,5
BRDA:229,15,0,5
BRDA:233,16,0,5
BRDA:237,17,0,5
BRDA:241,18,0,1
BRDA:241,19,0,5
BRDA:76,20,0,5
BRDA:77,21,0,5
BRDA:81,22,0,3
BRDA:85,23,0,1
BRDA:88,24,0,1
BRDA:91,25,0,4
BRDA:99,26,0,1
BRDA:246,27,0,1
BRDA:261,28,0,1
BRF:29
BRH:28
end_of_record
TN:
SF:src/components/Register.jsx
FN:5,Register
FN:19,handleSubmit
FN:90,onChange
FN:103,onChange
FN:116,onChange
FN:130,onChange
FN:136,onClick
FN:151,onChange
FN:164,onChange
FN:177,onChange
FNF:10
FNH:10
FNDA:33,Register
FNDA:3,handleSubmit
FNDA:3,onChange
FNDA:3,onChange
FNDA:3,onChange
FNDA:3,onChange
FNDA:1,onClick
FNDA:3,onChange
FNDA:3,onChange
FNDA:3,onChange
DA:1,1
DA:2,1
DA:3,1
DA:5,1
DA:6,33
DA:7,33
DA:8,33
DA:9,33
DA:10,33
DA:11,33
DA:12,33
DA:13,33
DA:14,33
DA:15,33
DA:16,33
DA:17,33
DA:19,33
DA:20,3
DA:21,3
DA:22,3
DA:24,3
DA:26,3
DA:27,3
DA:28,3
DA:29,3
DA:30,3
DA:31,3
DA:32,3
DA:33,3
DA:34,3
DA:35,3
DA:36,3
DA:37,3
DA:38,3
DA:39,3
DA:40,3
DA:41,3
DA:42,3
DA:44,1
DA:45,1
DA:46,1
DA:47,0
DA:48,1
DA:49,1
DA:50,3
DA:51,2
DA:54,2
DA:55,1
DA:56,1
DA:57,1
DA:58,1
DA:59,1
DA:60,1
DA:61,0
DA:62,0
DA:63,0
DA:64,0
DA:65,1
DA:66,1
DA:67,1
DA:68,2
DA:69,3
DA:71,33
DA:72,33
DA:73,33
DA:74,33
DA:75,33
DA:76,33
DA:77,33
DA:78,33
DA:79,33
DA:80,33
DA:81,33
DA:82,33
DA:83,33
DA:85,33
DA:86,33
DA:87,33
DA:88,33
DA:89,33
DA:90,33
DA:91,33
DA:92,33
DA:93,33
DA:94,33
DA:95,33
DA:96,33
DA:98,33
DA:99,33
DA:100,33
DA:101,33
DA:102,33
DA:103,33
DA:104,33
DA:105,33
DA:106,33
DA:107,33
DA:108,33
DA:109,33
DA:111,33
DA:112,33
DA:113,33
DA:114,33
DA:115,33
DA:116,33
DA:117,33
DA:118,33
DA:119,33
DA:120,33
DA:121,33
DA:122,33
DA:124,33
DA:125,33
DA:126,33
DA:127,33
DA:128,33
DA:129,33
DA:130,33
DA:131,33
DA:132,33
DA:133,33
DA:134,33
DA:135,33
DA:136,33
DA:137,33
DA:139,33
DA:140,33
DA:141,33
DA:142,33
DA:143,33
DA:144,33
DA:146,33
DA:147,33
DA:148,33
DA:149,33
DA:150,33
DA:151,33
DA:152,33
DA:153,33
DA:154,33
DA:155,33
DA:156,33
DA:157,33
DA:159,33
DA:160,33
DA:161,33
DA:162,33
DA:163,33
DA:164,33
DA:165,33
DA:166,33
DA:167,33
DA:168,33
DA:169,33
DA:170,33
DA:172,33
DA:173,33
DA:174,33
DA:175,33
DA:176,33
DA:177,33
DA:178,33
DA:179,33
DA:180,33
DA:181,33
DA:182,33
DA:183,33
DA:184,33
DA:185,33
DA:187,33
DA:188,33
DA:189,33
DA:190,33
DA:191,33
DA:193,33
DA:195,1
LF:176
LH:171
BRDA:5,0,0,33
BRDA:79,1,0,2
BRDA:80,2,0,1
BRDA:127,3,0,1
BRDA:127,4,0,32
BRDA:139,5,0,1
BRDA:139,6,0,32
BRDA:19,7,0,3
BRDA:42,8,0,1
BRDA:50,9,0,2
BRDA:51,10,0,1
BRDA:54,11,0,1
BRDA:54,12,0,1
BRDA:60,13,0,0
BRDA:57,14,0,1
BRDA:90,15,0,3
BRDA:103,16,0,3
BRDA:116,17,0,3
BRDA:130,18,0,3
BRDA:136,19,0,1
BRDA:151,20,0,3
BRDA:164,21,0,3
BRDA:177,22,0,3
BRF:23
BRH:22
end_of_record
TN:
SF:src/components/changePassword.jsx
FN:5,ChangePassword
FN:14,handleSubmit
FN:73,onChange
FN:88,onChange
FNF:4
FNH:4
FNDA:17,ChangePassword
FNDA:4,handleSubmit
FNDA:3,onChange
FNDA:3,onChange
DA:1,1
DA:2,1
DA:3,1
DA:5,1
DA:6,17
DA:7,17
DA:8,17
DA:9,17
DA:10,17
DA:11,17
DA:12,17
DA:14,17
DA:15,4
DA:16,4
DA:17,4
DA:19,4
DA:20,1
DA:21,1
DA:22,1
DA:24,3
DA:26,3
DA:27,3
DA:28,3
DA:29,3
DA:30,3
DA:31,3
DA:33,2
DA:34,2
DA:35,2
DA:36,0
DA:37,2
DA:38,2
DA:39,4
DA:40,1
DA:41,1
DA:42,1
DA:43,1
DA:44,0
DA:45,0
DA:46,4
DA:47,3
DA:48,3
DA:49,4
DA:51,17
DA:52,17
DA:53,17
DA:54,17
DA:55,17
DA:56,17
DA:57,17
DA:58,17
DA:59,17
DA:60,17
DA:61,17
DA:62,17
DA:63,17
DA:64,17
DA:65,17
DA:66,17
DA:68,17
DA:69,17
DA:70,17
DA:71,17
DA:72,17
DA:73,17
DA:74,17
DA:75,17
DA:76,17
DA:77,17
DA:78,17
DA:79,17
DA:80,17
DA:81,17
DA:83,17
DA:84,17
DA:85,17
DA:86,17
DA:87,17
DA:88,17
DA:89,17
DA:90,17
DA:91,17
DA:92,17
DA:93,17
DA:94,17
DA:95,17
DA:97,17
DA:98,17
DA:99,17
DA:100,17
DA:101,17
DA:102,17
DA:104,17
DA:106,1
LF:94
LH:91
BRDA:5,0,0,17
BRDA:59,1,0,2
BRDA:60,2,0,1
BRDA:97,3,0,3
BRDA:97,4,0,14
BRDA:14,5,0,4
BRDA:19,6,0,3
BRDA:19,7,0,1
BRDA:22,8,0,3
BRDA:31,9,0,2
BRDA:39,10,0,1
BRDA:43,11,0,0
BRDA:46,12,0,3
BRDA:73,13,0,3
BRDA:88,14,0,3
BRF:15
BRH:14
end_of_record
